[2024-06-22 17:21:04,302][flwr][INFO] - Using seed 1719069664 for client dataset permutation
[2024-06-22 17:21:04,302][flwr][INFO] - Using seed 123456 for dataset partition
[2024-06-22 17:21:04,314][flwr][INFO] - Client dataset sizes:
[2024-06-22 17:21:05,450][flwr][INFO] - Client 0 has 8993 training samples with label distribution: {0: 195, 1: 4277, 2: 486, 3: 1, 4: 2921, 5: 18, 6: 1090, 7: 5}
[2024-06-22 17:21:06,261][flwr][INFO] - Client 1 has 6254 training samples with label distribution: {0: 320, 2: 1962, 4: 379, 7: 3593}
[2024-06-22 17:21:06,483][flwr][INFO] - Client 2 has 1787 training samples with label distribution: {1: 98, 4: 1150, 5: 1, 7: 538}
[2024-06-22 17:21:06,879][flwr][INFO] - Client 3 has 3148 training samples with label distribution: {0: 8, 1: 5, 2: 2138, 3: 184, 7: 1, 8: 758, 9: 54}
[2024-06-22 17:21:08,352][flwr][INFO] - Client 4 has 11700 training samples with label distribution: {0: 583, 1: 1661, 2: 760, 3: 1126, 4: 621, 5: 1858, 6: 4211, 7: 880}
[2024-06-22 17:21:09,218][flwr][INFO] - Client 5 has 6653 training samples with label distribution: {0: 2033, 3: 3494, 4: 120, 5: 122, 6: 15, 7: 50, 8: 111, 9: 708}
[2024-06-22 17:21:10,251][flwr][INFO] - Client 6 has 7718 training samples with label distribution: {0: 1100, 1: 26, 2: 2, 3: 563, 4: 72, 5: 1496, 6: 6, 7: 337, 8: 166, 9: 3950}
[2024-06-22 17:21:10,723][flwr][INFO] - Client 7 has 3481 training samples with label distribution: {0: 1101, 1: 1, 2: 1, 3: 154, 4: 9, 5: 1117, 7: 232, 8: 476, 9: 390}
[2024-06-22 17:21:11,262][flwr][INFO] - Client 8 has 4145 training samples with label distribution: {0: 10, 3: 5, 5: 242, 7: 4, 8: 3724, 9: 160}
[2024-06-22 17:21:11,278][flwr][INFO] - Client 9 has 121 training samples with label distribution: {5: 28, 8: 17, 9: 76}
[2024-06-22 17:21:14,183][flwr][INFO] - Testloader has 84 test samples with label distribution: {0: 980, 1: 1135, 2: 1032, 3: 1010, 4: 982, 5: 892, 6: 958, 7: 1028, 8: 974, 9: 1009}
[2024-06-22 17:21:14,184][flwr][WARNING] - 
Setting `min_available_clients` lower than `min_fit_clients` or
`min_evaluate_clients` can cause the server to fail when there are too few clients
connected to the server. `min_available_clients` must be set to a value larger
than or equal to the values of `min_fit_clients` and `min_evaluate_clients`.

[2024-06-22 17:21:14,185][flwr][INFO] - Starting Flower simulation, config: ServerConfig(num_rounds=1, round_timeout=None)
[2024-06-22 17:21:16,748][flwr][INFO] - Flower VCE: Ray initialized with resources: {'node:__internal_head__': 1.0, 'node:145.94.238.25': 1.0, 'CPU': 8.0, 'object_store_memory': 4262347161.0, 'memory': 8524694324.0}
[2024-06-22 17:21:16,748][flwr][INFO] - Initializing global parameters
[2024-06-22 17:21:16,749][flwr][INFO] - Requesting initial parameters from one random client
[2024-06-22 17:21:18,666][flwr][INFO] - Received initial parameters from one random client
[2024-06-22 17:21:18,666][flwr][INFO] - Evaluating initial parameters
[2024-06-22 17:21:19,602][flwr][INFO] - initial parameters (loss, other metrics): 193.50430560112, {'accuracy': 0.1037}
[2024-06-22 17:21:19,602][flwr][INFO] - FL starting
[2024-06-22 17:21:19,603][flwr][DEBUG] - fit_round 0: strategy sampled 10 clients (out of 10)
[2024-06-22 17:21:41,228][flwr][DEBUG] - pid 20904 | Yippie! Starting the client 1 again 🥳
[2024-06-22 17:21:41,319][flwr][DEBUG] - pid 20904 | Yippie! Starting the client 2 again 🥳
[2024-06-22 17:21:42,050][flwr][DEBUG] - pid 20904 | Yippie! Starting the client 0 again 🥳
[2024-06-22 17:21:42,192][flwr][DEBUG] - pid 20904 | Yippie! Starting the client 6 again 🥳
[2024-06-22 17:21:42,307][flwr][DEBUG] - pid 20904 | Yippie! Starting the client 3 again 🥳
[2024-06-22 17:21:42,406][flwr][DEBUG] - pid 20904 | Yippie! Starting the client 4 again 🥳
[2024-06-22 17:21:48,189][flwr][DEBUG] - pid 20904 | Yippie! Starting the client 0 again 🥳
[2024-06-22 17:21:48,250][flwr][DEBUG] - pid 20904 | Yippie! Starting the client 1 again 🥳
[2024-06-22 17:21:48,394][flwr][DEBUG] - pid 20904 | Yippie! Starting the client 7 again 🥳
[2024-06-22 17:21:48,502][flwr][DEBUG] - pid 20904 | Yippie! Starting the client 8 again 🥳
[2024-06-22 17:21:54,708][flwr][DEBUG] - pid 20904 | Yippie! Starting the client 4 again 🥳
[2024-06-22 17:21:54,808][flwr][DEBUG] - pid 20904 | Yippie! Starting the client 5 again 🥳
[2024-06-22 17:22:02,229][flwr][DEBUG] - pid 20904 | Yippie! Starting the client 5 again 🥳
[2024-06-22 17:22:02,383][flwr][DEBUG] - pid 20904 | Yippie! Starting the client 3 again 🥳
[2024-06-22 17:22:02,465][flwr][DEBUG] - pid 20904 | Yippie! Starting the client 7 again 🥳
[2024-06-22 17:22:02,552][flwr][DEBUG] - pid 20904 | Yippie! Starting the client 2 again 🥳
[2024-06-22 17:22:02,617][flwr][DEBUG] - pid 20904 | Yippie! Starting the client 6 again 🥳
[2024-06-22 17:22:02,710][flwr][DEBUG] - pid 20904 | Yippie! Starting the client 9 again 🥳
[2024-06-22 17:22:02,809][flwr][DEBUG] - pid 20904 | Yippie! Starting the client 0 again 🥳
[2024-06-22 17:22:02,894][flwr][DEBUG] - pid 20904 | Yippie! Starting the client 1 again 🥳
[2024-06-22 17:22:07,207][flwr][DEBUG] - pid 20904 | Yippie! Starting the client 9 again 🥳
[2024-06-22 17:22:07,326][flwr][DEBUG] - pid 20904 | Yippie! Starting the client 3 again 🥳
[2024-06-22 17:22:09,265][flwr][DEBUG] - pid 20904 | Yippie! Starting the client 6 again 🥳
[2024-06-22 17:22:09,431][flwr][DEBUG] - pid 20904 | Yippie! Starting the client 8 again 🥳
[2024-06-22 17:22:09,532][flwr][DEBUG] - pid 20904 | Yippie! Starting the client 4 again 🥳
[2024-06-22 17:22:12,990][flwr][DEBUG] - pid 20904 | Yippie! Starting the client 9 again 🥳
[2024-06-22 17:22:13,169][flwr][DEBUG] - pid 20904 | Yippie! Starting the client 5 again 🥳
[2024-06-22 17:22:15,961][flwr][DEBUG] - pid 20904 | Yippie! Starting the client 8 again 🥳
[2024-06-22 17:22:16,042][flwr][DEBUG] - pid 20904 | Yippie! Starting the client 1 again 🥳
[2024-06-22 17:22:16,126][flwr][DEBUG] - pid 20904 | Yippie! Starting the client 2 again 🥳
[2024-06-22 17:22:24,128][flwr][DEBUG] - pid 20904 | Yippie! Starting the client 2 again 🥳
[2024-06-22 17:22:24,207][flwr][DEBUG] - pid 20904 | Yippie! Starting the client 0 again 🥳
[2024-06-22 17:22:24,390][flwr][DEBUG] - pid 20904 | Yippie! Starting the client 7 again 🥳
[2024-06-22 17:22:24,584][flwr][DEBUG] - pid 20904 | Yippie! Starting the client 5 again 🥳
[2024-06-22 17:22:24,670][flwr][DEBUG] - pid 20904 | Yippie! Starting the client 3 again 🥳
[2024-06-22 17:22:24,771][flwr][DEBUG] - pid 20904 | Yippie! Starting the client 8 again 🥳
[2024-06-22 17:22:28,537][flwr][DEBUG] - pid 20904 | Yippie! Starting the client 7 again 🥳
[2024-06-22 17:22:29,364][flwr][DEBUG] - pid 20904 | Yippie! Starting the client 0 again 🥳
[2024-06-22 17:22:29,504][flwr][DEBUG] - pid 20904 | Yippie! Starting the client 6 again 🥳
[2024-06-22 17:22:29,583][flwr][DEBUG] - pid 20904 | Yippie! Starting the client 4 again 🥳
[2024-06-22 17:22:29,651][flwr][DEBUG] - pid 20904 | Yippie! Starting the client 2 again 🥳
[2024-06-22 17:22:31,501][flwr][DEBUG] - pid 20904 | Yippie! Starting the client 3 again 🥳
[2024-06-22 17:22:31,615][flwr][DEBUG] - pid 20904 | Yippie! Starting the client 9 again 🥳
[2024-06-22 17:22:32,141][flwr][DEBUG] - pid 20904 | Yippie! Starting the client 5 again 🥳
[2024-06-22 17:22:41,227][flwr][DEBUG] - pid 20904 | Yippie! Starting the client 4 again 🥳
[2024-06-22 17:22:41,306][flwr][DEBUG] - pid 20904 | Yippie! Starting the client 6 again 🥳
[2024-06-22 17:22:41,369][flwr][DEBUG] - pid 20904 | Yippie! Starting the client 7 again 🥳
[2024-06-22 17:22:41,431][flwr][DEBUG] - pid 20904 | Yippie! Starting the client 1 again 🥳
[2024-06-22 17:22:41,431][flwr][DEBUG] - pid 20904 | Yippie! Starting the client 0 again 🥳
[2024-06-22 17:22:41,538][flwr][DEBUG] - pid 20904 | Yippie! Starting the client 9 again 🥳
[2024-06-22 17:22:49,888][flwr][DEBUG] - pid 20904 | Yippie! Starting the client 1 again 🥳
[2024-06-22 17:22:49,968][flwr][DEBUG] - pid 20904 | Yippie! Starting the client 8 again 🥳
[2024-06-22 17:22:50,031][flwr][DEBUG] - pid 20904 | Yippie! Starting the client 5 again 🥳
[2024-06-22 17:22:50,199][flwr][DEBUG] - pid 20904 | Yippie! Starting the client 3 again 🥳
[2024-06-22 17:22:50,306][flwr][DEBUG] - pid 20904 | Yippie! Starting the client 6 again 🥳
[2024-06-22 17:22:53,758][flwr][DEBUG] - pid 20904 | Yippie! Starting the client 8 again 🥳
[2024-06-22 17:22:53,847][flwr][DEBUG] - pid 20904 | Yippie! Starting the client 9 again 🥳
[2024-06-22 17:22:53,949][flwr][DEBUG] - pid 20904 | Yippie! Starting the client 7 again 🥳
[2024-06-22 17:22:53,990][flwr][DEBUG] - pid 20904 | Yippie! Starting the client 1 again 🥳
[2024-06-22 17:22:54,137][flwr][DEBUG] - pid 20904 | Yippie! Starting the client 4 again 🥳
[2024-06-22 17:22:54,227][flwr][DEBUG] - pid 20904 | Yippie! Starting the client 2 again 🥳
[2024-06-22 17:23:03,098][flwr][DEBUG] - pid 20904 | Yippie! Starting the client 4 again 🥳
[2024-06-22 17:23:03,242][flwr][DEBUG] - pid 20904 | Yippie! Starting the client 3 again 🥳
[2024-06-22 17:23:03,386][flwr][DEBUG] - pid 20904 | Yippie! Starting the client 2 again 🥳
[2024-06-22 17:23:03,477][flwr][DEBUG] - pid 20904 | Yippie! Starting the client 7 again 🥳
[2024-06-22 17:23:03,590][flwr][DEBUG] - pid 20904 | Yippie! Starting the client 0 again 🥳
[2024-06-22 17:23:09,034][flwr][DEBUG] - pid 20904 | Yippie! Starting the client 0 again 🥳
[2024-06-22 17:23:09,077][flwr][DEBUG] - pid 20904 | Yippie! Starting the client 5 again 🥳
[2024-06-22 17:23:09,156][flwr][DEBUG] - pid 20904 | Yippie! Starting the client 9 again 🥳
[2024-06-22 17:23:09,206][flwr][DEBUG] - pid 20904 | Yippie! Starting the client 8 again 🥳
[2024-06-22 17:23:09,302][flwr][DEBUG] - pid 20904 | Yippie! Starting the client 6 again 🥳
[2024-06-22 17:23:09,363][flwr][DEBUG] - pid 20904 | Yippie! Starting the client 3 again 🥳
[2024-06-22 17:23:12,360][flwr][DEBUG] - pid 20904 | Yippie! Starting the client 5 again 🥳
[2024-06-22 17:23:12,519][flwr][DEBUG] - pid 20904 | Yippie! Starting the client 4 again 🥳
[2024-06-22 17:23:12,684][flwr][DEBUG] - pid 20904 | Yippie! Starting the client 1 again 🥳
[2024-06-22 17:23:18,502][flwr][DEBUG] - pid 20904 | Yippie! Starting the client 6 again 🥳
[2024-06-22 17:23:18,664][flwr][DEBUG] - pid 20904 | Yippie! Starting the client 2 again 🥳
[2024-06-22 17:23:24,168][flwr][DEBUG] - pid 20904 | Yippie! Starting the client 1 again 🥳
[2024-06-22 17:23:24,253][flwr][DEBUG] - pid 20904 | Yippie! Starting the client 0 again 🥳
[2024-06-22 17:23:25,416][flwr][DEBUG] - pid 20904 | Yippie! Starting the client 2 again 🥳
[2024-06-22 17:23:25,514][flwr][DEBUG] - pid 20904 | Yippie! Starting the client 7 again 🥳
[2024-06-22 17:23:25,613][flwr][DEBUG] - pid 20904 | Yippie! Starting the client 9 again 🥳
[2024-06-22 17:23:25,688][flwr][DEBUG] - pid 20904 | Yippie! Starting the client 3 again 🥳
[2024-06-22 17:23:25,823][flwr][DEBUG] - pid 20904 | Yippie! Starting the client 5 again 🥳
[2024-06-22 17:23:28,195][flwr][DEBUG] - pid 20904 | Yippie! Starting the client 6 again 🥳
[2024-06-22 17:23:28,251][flwr][DEBUG] - pid 20904 | Yippie! Starting the client 8 again 🥳
[2024-06-22 17:23:31,223][flwr][DEBUG] - pid 20904 | Yippie! Starting the client 0 again 🥳
[2024-06-22 17:23:35,745][flwr][DEBUG] - pid 20904 | Yippie! Starting the client 8 again 🥳
[2024-06-22 17:23:35,812][flwr][DEBUG] - pid 20904 | Yippie! Starting the client 7 again 🥳
[2024-06-22 17:23:35,940][flwr][DEBUG] - pid 20904 | Yippie! Starting the client 4 again 🥳
[2024-06-22 17:23:36,034][flwr][DEBUG] - pid 20904 | Yippie! Starting the client 9 again 🥳
[2024-06-22 17:23:36,089][flwr][DEBUG] - pid 20904 | Yippie! Starting the client 2 again 🥳
[2024-06-22 17:23:36,145][flwr][DEBUG] - pid 20904 | Yippie! Starting the client 1 again 🥳
[2024-06-22 17:23:36,257][flwr][DEBUG] - pid 20904 | Yippie! Starting the client 5 again 🥳
[2024-06-22 17:23:39,160][flwr][DEBUG] - pid 20904 | Yippie! Starting the client 8 again 🥳
[2024-06-22 17:23:45,036][flwr][DEBUG] - pid 20904 | Yippie! Starting the client 4 again 🥳
[2024-06-22 17:23:45,085][flwr][DEBUG] - pid 20904 | Yippie! Starting the client 7 again 🥳
[2024-06-22 17:23:45,267][flwr][DEBUG] - pid 20904 | Yippie! Starting the client 3 again 🥳
[2024-06-22 17:23:45,345][flwr][DEBUG] - pid 20904 | Yippie! Starting the client 9 again 🥳
[2024-06-22 17:23:45,523][flwr][DEBUG] - pid 20904 | Yippie! Starting the client 6 again 🥳
[2024-06-22 17:23:51,902][flwr][DEBUG] - pid 20904 | Yippie! Starting the client 3 again 🥳
[2024-06-22 17:23:53,196][flwr][DEBUG] - pid 20904 | Yippie! Starting the client 4 again 🥳
[2024-06-22 17:23:53,331][flwr][DEBUG] - pid 20904 | Yippie! Starting the client 1 again 🥳
[2024-06-22 17:23:53,456][flwr][DEBUG] - pid 20904 | Yippie! Starting the client 0 again 🥳
[2024-06-22 17:23:53,589][flwr][DEBUG] - pid 20904 | Yippie! Starting the client 5 again 🥳
[2024-06-22 17:23:56,610][flwr][DEBUG] - pid 20904 | Yippie! Starting the client 6 again 🥳
[2024-06-22 17:23:56,742][flwr][DEBUG] - pid 20904 | Yippie! Starting the client 2 again 🥳
[2024-06-22 17:24:04,258][flwr][DEBUG] - pid 20904 | Yippie! Starting the client 0 again 🥳
[2024-06-22 17:24:04,374][flwr][DEBUG] - pid 20904 | Yippie! Starting the client 7 again 🥳
[2024-06-22 17:24:04,496][flwr][DEBUG] - pid 20904 | Yippie! Starting the client 3 again 🥳
[2024-06-22 17:24:04,549][flwr][DEBUG] - pid 20904 | Yippie! Starting the client 4 again 🥳
[2024-06-22 17:24:07,149][flwr][DEBUG] - pid 20904 | Yippie! Starting the client 8 again 🥳
[2024-06-22 17:24:07,210][flwr][DEBUG] - pid 20904 | Yippie! Starting the client 5 again 🥳
[2024-06-22 17:24:08,342][flwr][DEBUG] - pid 20904 | Yippie! Starting the client 6 again 🥳
[2024-06-22 17:24:08,441][flwr][DEBUG] - pid 20904 | Yippie! Starting the client 2 again 🥳
[2024-06-22 17:24:08,536][flwr][DEBUG] - pid 20904 | Yippie! Starting the client 1 again 🥳
[2024-06-22 17:24:13,085][flwr][DEBUG] - pid 20904 | Yippie! Starting the client 0 again 🥳
[2024-06-22 17:24:20,398][flwr][DEBUG] - pid 20904 | Yippie! Starting the client 1 again 🥳
[2024-06-22 17:24:20,526][flwr][DEBUG] - pid 20904 | Yippie! Starting the client 7 again 🥳
[2024-06-22 17:24:20,666][flwr][DEBUG] - pid 20904 | Yippie! Starting the client 3 again 🥳
[2024-06-22 17:24:20,731][flwr][DEBUG] - pid 20904 | Yippie! Starting the client 2 again 🥳
[2024-06-22 17:24:20,827][flwr][DEBUG] - pid 20904 | Yippie! Starting the client 5 again 🥳
[2024-06-22 17:24:20,827][flwr][DEBUG] - pid 20904 | Yippie! Starting the client 8 again 🥳
[2024-06-22 17:24:23,958][flwr][DEBUG] - pid 20904 | Yippie! Starting the client 7 again 🥳
[2024-06-22 17:24:24,032][flwr][DEBUG] - pid 20904 | Yippie! Starting the client 9 again 🥳
[2024-06-22 17:24:24,083][flwr][DEBUG] - pid 20904 | Yippie! Starting the client 4 again 🥳
[2024-06-22 17:24:26,344][flwr][DEBUG] - pid 20904 | Yippie! Starting the client 9 again 🥳
[2024-06-22 17:24:27,080][flwr][DEBUG] - pid 20904 | Yippie! Starting the client 9 again 🥳
[2024-06-22 17:24:27,140][flwr][DEBUG] - pid 20904 | Yippie! Starting the client 8 again 🥳
[2024-06-22 17:24:27,246][flwr][DEBUG] - pid 20904 | Yippie! Starting the client 3 again 🥳
[2024-06-22 17:24:27,336][flwr][DEBUG] - pid 20904 | Yippie! Starting the client 0 again 🥳
[2024-06-22 17:24:27,438][flwr][DEBUG] - pid 20904 | Yippie! Starting the client 2 again 🥳
[2024-06-22 17:24:27,501][flwr][DEBUG] - pid 20904 | Yippie! Starting the client 1 again 🥳
[2024-06-22 17:24:27,587][flwr][DEBUG] - pid 20904 | Yippie! Starting the client 6 again 🥳
[2024-06-22 17:24:36,150][flwr][DEBUG] - pid 20904 | Yippie! Starting the client 6 again 🥳
[2024-06-22 17:24:36,199][flwr][DEBUG] - pid 20904 | Yippie! Starting the client 4 again 🥳
[2024-06-22 17:24:36,277][flwr][DEBUG] - pid 20904 | Yippie! Starting the client 5 again 🥳
[2024-06-22 17:24:36,360][flwr][DEBUG] - pid 20904 | Yippie! Starting the client 8 again 🥳
[2024-06-22 17:24:36,448][flwr][DEBUG] - pid 20904 | Yippie! Starting the client 9 again 🥳
[2024-06-22 17:24:36,507][flwr][DEBUG] - pid 20904 | Yippie! Starting the client 1 again 🥳
[2024-06-22 17:24:36,590][flwr][DEBUG] - pid 20904 | Yippie! Starting the client 7 again 🥳
[2024-06-22 17:24:36,668][flwr][DEBUG] - pid 20904 | Yippie! Starting the client 0 again 🥳
[2024-06-22 17:24:36,717][flwr][DEBUG] - pid 20904 | Yippie! Starting the client 3 again 🥳
[2024-06-22 17:24:42,082][flwr][DEBUG] - pid 20904 | Yippie! Starting the client 4 again 🥳
[2024-06-22 17:24:42,211][flwr][DEBUG] - pid 20904 | Yippie! Starting the client 6 again 🥳
[2024-06-22 17:24:45,036][flwr][DEBUG] - pid 20904 | Yippie! Starting the client 8 again 🥳
[2024-06-22 17:24:51,227][flwr][DEBUG] - pid 20904 | Yippie! Starting the client 7 again 🥳
[2024-06-22 17:24:51,337][flwr][DEBUG] - pid 20904 | Yippie! Starting the client 2 again 🥳
[2024-06-22 17:24:51,407][flwr][DEBUG] - pid 20904 | Yippie! Starting the client 9 again 🥳
[2024-06-22 17:24:56,501][flwr][DEBUG] - pid 20904 | Yippie! Starting the client 2 again 🥳
[2024-06-22 17:24:56,548][flwr][DEBUG] - pid 20904 | Yippie! Starting the client 1 again 🥳
[2024-06-22 17:24:56,626][flwr][DEBUG] - pid 20904 | Yippie! Starting the client 5 again 🥳
[2024-06-22 17:24:56,698][flwr][DEBUG] - pid 20904 | Yippie! Starting the client 3 again 🥳
[2024-06-22 17:24:56,799][flwr][DEBUG] - pid 20904 | Yippie! Starting the client 4 again 🥳
[2024-06-22 17:24:56,857][flwr][DEBUG] - pid 20904 | Yippie! Starting the client 6 again 🥳
[2024-06-22 17:25:00,539][flwr][DEBUG] - pid 20904 | Yippie! Starting the client 5 again 🥳
[2024-06-22 17:25:00,620][flwr][DEBUG] - pid 20904 | Yippie! Starting the client 0 again 🥳
[2024-06-22 17:25:06,657][flwr][DEBUG] - pid 20904 | Yippie! Starting the client 0 again 🥳
[2024-06-22 17:25:06,834][flwr][DEBUG] - pid 20904 | Yippie! Starting the client 8 again 🥳
[2024-06-22 17:25:06,941][flwr][DEBUG] - pid 20904 | Yippie! Starting the client 9 again 🥳
[2024-06-22 17:25:07,016][flwr][DEBUG] - pid 20904 | Yippie! Starting the client 7 again 🥳
[2024-06-22 17:25:07,080][flwr][DEBUG] - pid 20904 | Yippie! Starting the client 2 again 🥳
[2024-06-22 17:25:07,140][flwr][DEBUG] - pid 20904 | Yippie! Starting the client 4 again 🥳
[2024-06-22 17:25:07,202][flwr][DEBUG] - pid 20904 | Yippie! Starting the client 5 again 🥳
[2024-06-22 17:25:07,294][flwr][DEBUG] - pid 20904 | Yippie! Starting the client 1 again 🥳
[2024-06-22 17:25:07,359][flwr][DEBUG] - pid 20904 | Yippie! Starting the client 6 again 🥳
[2024-06-22 17:25:07,432][flwr][DEBUG] - pid 20904 | Yippie! Starting the client 3 again 🥳
[2024-06-22 17:25:16,021][flwr][DEBUG] - pid 20904 | Yippie! Starting the client 1 again 🥳
[2024-06-22 17:25:16,122][flwr][DEBUG] - pid 20904 | Yippie! Starting the client 7 again 🥳
[2024-06-22 17:25:16,250][flwr][DEBUG] - pid 20904 | Yippie! Starting the client 0 again 🥳
[2024-06-22 17:25:16,342][flwr][DEBUG] - pid 20904 | Yippie! Starting the client 9 again 🥳
[2024-06-22 17:25:16,409][flwr][DEBUG] - pid 20904 | Yippie! Starting the client 2 again 🥳
[2024-06-22 17:25:16,482][flwr][DEBUG] - pid 20904 | Yippie! Starting the client 8 again 🥳
[2024-06-22 17:25:16,528][flwr][DEBUG] - pid 20904 | Yippie! Starting the client 5 again 🥳
[2024-06-22 17:25:18,446][flwr][DEBUG] - pid 20904 | Yippie! Starting the client 3 again 🥳
[2024-06-22 17:25:18,812][flwr][DEBUG] - pid 20904 | Yippie! Starting the client 6 again 🥳
[2024-06-22 17:25:24,559][flwr][DEBUG] - pid 20904 | Yippie! Starting the client 8 again 🥳
[2024-06-22 17:25:24,700][flwr][DEBUG] - pid 20904 | Yippie! Starting the client 7 again 🥳
[2024-06-22 17:25:24,821][flwr][DEBUG] - pid 20904 | Yippie! Starting the client 9 again 🥳
[2024-06-22 17:25:28,796][flwr][INFO] - FL finished
[2024-06-22 17:25:28,796][flwr][INFO] - FL finished in 249.19320821762085
[2024-06-22 17:25:28,796][flwr][INFO] - app_fit: losses_distributed []
[2024-06-22 17:25:28,796][flwr][INFO] - app_fit: metrics_distributed_fit {}
[2024-06-22 17:25:28,796][flwr][INFO] - app_fit: metrics_distributed {}
[2024-06-22 17:25:28,796][flwr][INFO] - app_fit: losses_centralized [(1719069679.602933, 193.50430560112), (0, 193.5045199394226), (5, 170.91572892665863), (10, 155.65104711055756), (15, 94.52808767557144), (25, 75.93907457590103), (30, 72.37519985437393), (35, 78.69161629676819), (40, 55.59258225560188), (45, 46.85953938961029), (55, 42.73721960186958), (60, 39.527805268764496), (65, 35.04182803630829), (75, 31.04786652326584), (80, 32.80975306034088), (90, 25.22393435239792), (95, 25.250539764761925), (100, 24.60877314209938), (105, 24.213784724473953), (110, 23.760715544223785), (115, 23.611583337187767), (120, 23.882293075323105), (130, 23.3925584256649), (135, 23.021870642900467), (145, 22.742356911301613), (150, 22.7220276594162), (160, 22.48123088479042), (170, 22.52504763007164), (175, 22.482976019382477)]
[2024-06-22 17:25:28,797][flwr][INFO] - app_fit: metrics_centralized {'accuracy': [(1719069679.6029446, 0.1037), (0, 0.1037), (5, 0.2644), (10, 0.4476), (15, 0.6275), (25, 0.7711), (30, 0.7595), (35, 0.6948), (40, 0.7939), (45, 0.8419), (55, 0.8622), (60, 0.8756), (65, 0.8897), (75, 0.8925), (80, 0.88), (90, 0.9263), (95, 0.926), (100, 0.9291), (105, 0.9293), (110, 0.9302), (115, 0.9329), (120, 0.9287), (130, 0.9329), (135, 0.9312), (145, 0.9339), (150, 0.9347), (160, 0.9345), (170, 0.9345), (175, 0.9344)], 'end_timestamp': [(0, 1719070019.603043), (5, 1719070019.603043), (10, 1719070019.603043), (15, 1719070019.603043), (25, 1719070019.603043), (30, 1719070019.603043), (35, 1719070019.603043), (40, 1719070019.603043), (45, 1719070019.603043), (55, 1719070019.603043), (60, 1719070019.603043), (65, 1719070019.603043), (75, 1719070019.603043), (80, 1719070019.603043), (90, 1719070019.603043), (95, 1719070019.603043), (100, 1719070019.603043), (105, 1719070019.603043), (110, 1719070019.603043), (115, 1719070019.603043), (120, 1719070019.603043), (130, 1719070019.603043), (135, 1719070019.603043), (145, 1719070019.603043), (150, 1719070019.603043), (160, 1719070019.603043), (170, 1719070019.603043), (175, 1719070019.603043)], 'start_timestamp': [(0, 1719069679.6030471), (5, 1719069679.6030471), (10, 1719069679.6030471), (15, 1719069679.6030471), (25, 1719069679.6030471), (30, 1719069679.6030471), (35, 1719069679.6030471), (40, 1719069679.6030471), (45, 1719069679.6030471), (55, 1719069679.6030471), (60, 1719069679.6030471), (65, 1719069679.6030471), (75, 1719069679.6030471), (80, 1719069679.6030471), (90, 1719069679.6030471), (95, 1719069679.6030471), (100, 1719069679.6030471), (105, 1719069679.6030471), (110, 1719069679.6030471), (115, 1719069679.6030471), (120, 1719069679.6030471), (130, 1719069679.6030471), (135, 1719069679.6030471), (145, 1719069679.6030471), (150, 1719069679.6030471), (160, 1719069679.6030471), (170, 1719069679.6030471), (175, 1719069679.6030471)]}
