[2024-06-20 12:45:47,900][flwr][INFO] - Using seed 1718880347 for client dataset permutation
[2024-06-20 12:45:47,901][flwr][INFO] - Using seed 123456 for dataset partition
[2024-06-20 12:45:47,912][flwr][INFO] - Client dataset sizes:
[2024-06-20 12:45:49,024][flwr][INFO] - Client 0 has 8993 training samples with label distribution: {0: 195, 1: 4277, 2: 486, 3: 1, 4: 2921, 5: 18, 6: 1090, 7: 5}
[2024-06-20 12:45:49,822][flwr][INFO] - Client 1 has 6254 training samples with label distribution: {0: 320, 2: 1962, 4: 379, 7: 3593}
[2024-06-20 12:45:50,036][flwr][INFO] - Client 2 has 1787 training samples with label distribution: {1: 98, 4: 1150, 5: 1, 7: 538}
[2024-06-20 12:45:50,414][flwr][INFO] - Client 3 has 3148 training samples with label distribution: {0: 8, 1: 5, 2: 2138, 3: 184, 7: 1, 8: 758, 9: 54}
[2024-06-20 12:45:51,986][flwr][INFO] - Client 4 has 11700 training samples with label distribution: {0: 583, 1: 1661, 2: 760, 3: 1126, 4: 621, 5: 1858, 6: 4211, 7: 880}
[2024-06-20 12:45:52,813][flwr][INFO] - Client 5 has 6653 training samples with label distribution: {0: 2033, 3: 3494, 4: 120, 5: 122, 6: 15, 7: 50, 8: 111, 9: 708}
[2024-06-20 12:45:53,811][flwr][INFO] - Client 6 has 7718 training samples with label distribution: {0: 1100, 1: 26, 2: 2, 3: 563, 4: 72, 5: 1496, 6: 6, 7: 337, 8: 166, 9: 3950}
[2024-06-20 12:45:54,220][flwr][INFO] - Client 7 has 3481 training samples with label distribution: {0: 1101, 1: 1, 2: 1, 3: 154, 4: 9, 5: 1117, 7: 232, 8: 476, 9: 390}
[2024-06-20 12:45:54,744][flwr][INFO] - Client 8 has 4145 training samples with label distribution: {0: 10, 3: 5, 5: 242, 7: 4, 8: 3724, 9: 160}
[2024-06-20 12:45:54,759][flwr][INFO] - Client 9 has 121 training samples with label distribution: {5: 28, 8: 17, 9: 76}
[2024-06-20 12:45:57,462][flwr][INFO] - Testloader has 84 test samples with label distribution: {0: 980, 1: 1135, 2: 1032, 3: 1010, 4: 982, 5: 892, 6: 958, 7: 1028, 8: 974, 9: 1009}
[2024-06-20 12:45:57,463][flwr][WARNING] - 
Setting `min_available_clients` lower than `min_fit_clients` or
`min_evaluate_clients` can cause the server to fail when there are too few clients
connected to the server. `min_available_clients` must be set to a value larger
than or equal to the values of `min_fit_clients` and `min_evaluate_clients`.

[2024-06-20 12:45:57,464][flwr][INFO] - Starting Flower simulation, config: ServerConfig(num_rounds=1, round_timeout=None)
[2024-06-20 12:45:59,752][flwr][INFO] - Flower VCE: Ray initialized with resources: {'node:145.94.238.25': 1.0, 'CPU': 8.0, 'object_store_memory': 4074561945.0, 'memory': 8149123892.0, 'node:__internal_head__': 1.0}
[2024-06-20 12:45:59,752][flwr][INFO] - Initializing global parameters
[2024-06-20 12:45:59,752][flwr][INFO] - Requesting initial parameters from one random client
[2024-06-20 12:46:01,342][flwr][INFO] - Received initial parameters from one random client
[2024-06-20 12:46:01,342][flwr][INFO] - Evaluating initial parameters
[2024-06-20 12:46:02,127][flwr][INFO] - initial parameters (loss, other metrics): 193.7571313381195, {'accuracy': 0.101}
[2024-06-20 12:46:02,127][flwr][INFO] - FL starting
[2024-06-20 12:46:02,127][flwr][DEBUG] - fit_round 0: strategy sampled 10 clients (out of 10)
[2024-06-20 12:46:07,977][flwr][DEBUG] - pid 61340 | Yippie! Starting the client 7 again 🥳
[2024-06-20 12:46:16,585][flwr][DEBUG] - pid 61340 | Yippie! Starting the client 8 again 🥳
[2024-06-20 12:46:16,947][flwr][DEBUG] - pid 61340 | Yippie! Starting the client 9 again 🥳
[2024-06-20 12:46:17,059][flwr][DEBUG] - pid 61340 | Yippie! Starting the client 2 again 🥳
[2024-06-20 12:46:17,145][flwr][DEBUG] - pid 61340 | Yippie! Starting the client 4 again 🥳
[2024-06-20 12:46:18,970][flwr][DEBUG] - pid 61340 | Yippie! Starting the client 0 again 🥳
[2024-06-20 12:46:19,119][flwr][DEBUG] - pid 61340 | Yippie! Starting the client 1 again 🥳
[2024-06-20 12:46:19,195][flwr][DEBUG] - pid 61340 | Yippie! Starting the client 5 again 🥳
[2024-06-20 12:46:21,289][flwr][DEBUG] - pid 61340 | Yippie! Starting the client 7 again 🥳
[2024-06-20 12:46:22,721][flwr][DEBUG] - pid 61340 | Yippie! Starting the client 8 again 🥳
[2024-06-20 12:46:25,174][flwr][DEBUG] - pid 61340 | Yippie! Starting the client 2 again 🥳
[2024-06-20 12:46:32,760][flwr][DEBUG] - pid 61340 | Yippie! Starting the client 5 again 🥳
[2024-06-20 12:46:32,901][flwr][DEBUG] - pid 61340 | Yippie! Starting the client 0 again 🥳
[2024-06-20 12:46:33,017][flwr][DEBUG] - pid 61340 | Yippie! Starting the client 4 again 🥳
[2024-06-20 12:46:33,136][flwr][DEBUG] - pid 61340 | Yippie! Starting the client 6 again 🥳
[2024-06-20 12:46:33,216][flwr][DEBUG] - pid 61340 | Yippie! Starting the client 9 again 🥳
[2024-06-20 12:46:33,309][flwr][DEBUG] - pid 61340 | Yippie! Starting the client 3 again 🥳
[2024-06-20 12:46:35,361][flwr][DEBUG] - pid 61340 | Yippie! Starting the client 8 again 🥳
[2024-06-20 12:46:35,409][flwr][DEBUG] - pid 61340 | Yippie! Starting the client 2 again 🥳
[2024-06-20 12:46:35,467][flwr][DEBUG] - pid 61340 | Yippie! Starting the client 7 again 🥳
[2024-06-20 12:46:35,562][flwr][DEBUG] - pid 61340 | Yippie! Starting the client 1 again 🥳
[2024-06-20 12:46:36,656][flwr][DEBUG] - pid 61340 | Yippie! Starting the client 5 again 🥳
[2024-06-20 12:46:41,626][flwr][DEBUG] - pid 61340 | Yippie! Starting the client 3 again 🥳
[2024-06-20 12:46:41,710][flwr][DEBUG] - pid 61340 | Yippie! Starting the client 9 again 🥳
[2024-06-20 12:46:46,027][flwr][DEBUG] - pid 61340 | Yippie! Starting the client 3 again 🥳
[2024-06-20 12:46:46,070][flwr][DEBUG] - pid 61340 | Yippie! Starting the client 1 again 🥳
[2024-06-20 12:46:46,132][flwr][DEBUG] - pid 61340 | Yippie! Starting the client 6 again 🥳
[2024-06-20 12:46:46,211][flwr][DEBUG] - pid 61340 | Yippie! Starting the client 4 again 🥳
[2024-06-20 12:46:46,286][flwr][DEBUG] - pid 61340 | Yippie! Starting the client 0 again 🥳
[2024-06-20 12:46:46,388][flwr][DEBUG] - pid 61340 | Yippie! Starting the client 9 again 🥳
[2024-06-20 12:46:46,457][flwr][DEBUG] - pid 61340 | Yippie! Starting the client 8 again 🥳
[2024-06-20 12:46:46,524][flwr][DEBUG] - pid 61340 | Yippie! Starting the client 2 again 🥳
[2024-06-20 12:46:50,584][flwr][DEBUG] - pid 61340 | Yippie! Starting the client 6 again 🥳
[2024-06-20 12:46:50,637][flwr][DEBUG] - pid 61340 | Yippie! Starting the client 5 again 🥳
[2024-06-20 12:46:50,693][flwr][DEBUG] - pid 61340 | Yippie! Starting the client 1 again 🥳
[2024-06-20 12:46:50,785][flwr][DEBUG] - pid 61340 | Yippie! Starting the client 7 again 🥳
[2024-06-20 12:46:50,812][flwr][DEBUG] - pid 61340 | Yippie! Starting the client 3 again 🥳
[2024-06-20 12:46:53,297][flwr][DEBUG] - pid 61340 | Yippie! Starting the client 0 again 🥳
[2024-06-20 12:46:54,775][flwr][DEBUG] - pid 61340 | Yippie! Starting the client 8 again 🥳
[2024-06-20 12:46:54,819][flwr][DEBUG] - pid 61340 | Yippie! Starting the client 4 again 🥳
[2024-06-20 12:46:58,946][flwr][DEBUG] - pid 61340 | Yippie! Starting the client 5 again 🥳
[2024-06-20 12:46:59,039][flwr][DEBUG] - pid 61340 | Yippie! Starting the client 6 again 🥳
[2024-06-20 12:46:59,188][flwr][DEBUG] - pid 61340 | Yippie! Starting the client 9 again 🥳
[2024-06-20 12:47:01,761][flwr][DEBUG] - pid 61340 | Yippie! Starting the client 3 again 🥳
[2024-06-20 12:47:02,922][flwr][DEBUG] - pid 61340 | Yippie! Starting the client 0 again 🥳
[2024-06-20 12:47:02,971][flwr][DEBUG] - pid 61340 | Yippie! Starting the client 1 again 🥳
[2024-06-20 12:47:03,067][flwr][DEBUG] - pid 61340 | Yippie! Starting the client 7 again 🥳
[2024-06-20 12:47:08,553][flwr][DEBUG] - pid 61340 | Yippie! Starting the client 9 again 🥳
[2024-06-20 12:47:08,702][flwr][DEBUG] - pid 61340 | Yippie! Starting the client 2 again 🥳
[2024-06-20 12:47:08,774][flwr][DEBUG] - pid 61340 | Yippie! Starting the client 4 again 🥳
[2024-06-20 12:47:08,868][flwr][DEBUG] - pid 61340 | Yippie! Starting the client 8 again 🥳
[2024-06-20 12:47:15,212][flwr][DEBUG] - pid 61340 | Yippie! Starting the client 2 again 🥳
[2024-06-20 12:47:15,321][flwr][DEBUG] - pid 61340 | Yippie! Starting the client 5 again 🥳
[2024-06-20 12:47:15,402][flwr][DEBUG] - pid 61340 | Yippie! Starting the client 7 again 🥳
[2024-06-20 12:47:15,529][flwr][DEBUG] - pid 61340 | Yippie! Starting the client 9 again 🥳
[2024-06-20 12:47:15,613][flwr][DEBUG] - pid 61340 | Yippie! Starting the client 3 again 🥳
[2024-06-20 12:47:18,779][flwr][DEBUG] - pid 61340 | Yippie! Starting the client 2 again 🥳
[2024-06-20 12:47:18,938][flwr][DEBUG] - pid 61340 | Yippie! Starting the client 1 again 🥳
[2024-06-20 12:47:21,537][flwr][DEBUG] - pid 61340 | Yippie! Starting the client 7 again 🥳
[2024-06-20 12:47:21,636][flwr][DEBUG] - pid 61340 | Yippie! Starting the client 6 again 🥳
[2024-06-20 12:47:21,685][flwr][DEBUG] - pid 61340 | Yippie! Starting the client 8 again 🥳
[2024-06-20 12:47:21,797][flwr][DEBUG] - pid 61340 | Yippie! Starting the client 0 again 🥳
[2024-06-20 12:47:21,821][flwr][DEBUG] - pid 61340 | Yippie! Starting the client 5 again 🥳
[2024-06-20 12:47:21,901][flwr][DEBUG] - pid 61340 | Yippie! Starting the client 4 again 🥳
[2024-06-20 12:47:26,256][flwr][DEBUG] - pid 61340 | Yippie! Starting the client 1 again 🥳
[2024-06-20 12:47:26,342][flwr][DEBUG] - pid 61340 | Yippie! Starting the client 3 again 🥳
[2024-06-20 12:47:29,468][flwr][DEBUG] - pid 61340 | Yippie! Starting the client 6 again 🥳
[2024-06-20 12:47:29,592][flwr][DEBUG] - pid 61340 | Yippie! Starting the client 2 again 🥳
[2024-06-20 12:47:36,018][flwr][DEBUG] - pid 61340 | Yippie! Starting the client 0 again 🥳
[2024-06-20 12:47:36,139][flwr][DEBUG] - pid 61340 | Yippie! Starting the client 7 again 🥳
[2024-06-20 12:47:36,194][flwr][DEBUG] - pid 61340 | Yippie! Starting the client 9 again 🥳
[2024-06-20 12:47:36,293][flwr][DEBUG] - pid 61340 | Yippie! Starting the client 8 again 🥳
[2024-06-20 12:47:36,337][flwr][DEBUG] - pid 61340 | Yippie! Starting the client 5 again 🥳
[2024-06-20 12:47:38,292][flwr][DEBUG] - pid 61340 | Yippie! Starting the client 3 again 🥳
[2024-06-20 12:47:41,591][flwr][DEBUG] - pid 61340 | Yippie! Starting the client 6 again 🥳
[2024-06-20 12:47:41,645][flwr][DEBUG] - pid 61340 | Yippie! Starting the client 1 again 🥳
[2024-06-20 12:47:45,462][flwr][DEBUG] - pid 61340 | Yippie! Starting the client 8 again 🥳
[2024-06-20 12:47:45,551][flwr][DEBUG] - pid 61340 | Yippie! Starting the client 2 again 🥳
[2024-06-20 12:47:45,643][flwr][DEBUG] - pid 61340 | Yippie! Starting the client 4 again 🥳
[2024-06-20 12:47:45,726][flwr][DEBUG] - pid 61340 | Yippie! Starting the client 9 again 🥳
[2024-06-20 12:47:45,795][flwr][DEBUG] - pid 61340 | Yippie! Starting the client 0 again 🥳
[2024-06-20 12:47:46,096][flwr][DEBUG] - pid 61340 | Yippie! Starting the client 5 again 🥳
[2024-06-20 12:47:50,109][flwr][DEBUG] - pid 61340 | Yippie! Starting the client 9 again 🥳
[2024-06-20 12:47:50,260][flwr][DEBUG] - pid 61340 | Yippie! Starting the client 3 again 🥳
[2024-06-20 12:47:53,964][flwr][DEBUG] - pid 61340 | Yippie! Starting the client 4 again 🥳
[2024-06-20 12:47:54,044][flwr][DEBUG] - pid 61340 | Yippie! Starting the client 7 again 🥳
[2024-06-20 12:47:54,112][flwr][DEBUG] - pid 61340 | Yippie! Starting the client 2 again 🥳
[2024-06-20 12:47:54,208][flwr][DEBUG] - pid 61340 | Yippie! Starting the client 1 again 🥳
[2024-06-20 12:47:54,291][flwr][DEBUG] - pid 61340 | Yippie! Starting the client 8 again 🥳
[2024-06-20 12:47:54,335][flwr][DEBUG] - pid 61340 | Yippie! Starting the client 6 again 🥳
[2024-06-20 12:47:54,417][flwr][DEBUG] - pid 61340 | Yippie! Starting the client 0 again 🥳
[2024-06-20 12:47:54,502][flwr][DEBUG] - pid 61340 | Yippie! Starting the client 9 again 🥳
[2024-06-20 12:47:56,466][flwr][DEBUG] - pid 61340 | Yippie! Starting the client 3 again 🥳
[2024-06-20 12:47:57,588][flwr][DEBUG] - pid 61340 | Yippie! Starting the client 7 again 🥳
[2024-06-20 12:47:58,417][flwr][DEBUG] - pid 61340 | Yippie! Starting the client 2 again 🥳
[2024-06-20 12:48:02,437][flwr][DEBUG] - pid 61340 | Yippie! Starting the client 8 again 🥳
[2024-06-20 12:48:03,820][flwr][DEBUG] - pid 61340 | Yippie! Starting the client 6 again 🥳
[2024-06-20 12:48:03,889][flwr][DEBUG] - pid 61340 | Yippie! Starting the client 5 again 🥳
[2024-06-20 12:48:05,341][flwr][DEBUG] - pid 61340 | Yippie! Starting the client 3 again 🥳
[2024-06-20 12:48:06,475][flwr][DEBUG] - pid 61340 | Yippie! Starting the client 7 again 🥳
[2024-06-20 12:48:06,520][flwr][DEBUG] - pid 61340 | Yippie! Starting the client 0 again 🥳
[2024-06-20 12:48:06,623][flwr][DEBUG] - pid 61340 | Yippie! Starting the client 1 again 🥳
[2024-06-20 12:48:10,136][flwr][DEBUG] - pid 61340 | Yippie! Starting the client 6 again 🥳
[2024-06-20 12:48:10,202][flwr][DEBUG] - pid 61340 | Yippie! Starting the client 4 again 🥳
[2024-06-20 12:48:10,324][flwr][DEBUG] - pid 61340 | Yippie! Starting the client 2 again 🥳
[2024-06-20 12:48:10,409][flwr][DEBUG] - pid 61340 | Yippie! Starting the client 9 again 🥳
[2024-06-20 12:48:10,509][flwr][DEBUG] - pid 61340 | Yippie! Starting the client 8 again 🥳
[2024-06-20 12:48:19,046][flwr][DEBUG] - pid 61340 | Yippie! Starting the client 4 again 🥳
[2024-06-20 12:48:19,247][flwr][DEBUG] - pid 61340 | Yippie! Starting the client 7 again 🥳
[2024-06-20 12:48:19,367][flwr][DEBUG] - pid 61340 | Yippie! Starting the client 1 again 🥳
[2024-06-20 12:48:19,469][flwr][DEBUG] - pid 61340 | Yippie! Starting the client 5 again 🥳
[2024-06-20 12:48:19,548][flwr][DEBUG] - pid 61340 | Yippie! Starting the client 9 again 🥳
[2024-06-20 12:48:19,648][flwr][DEBUG] - pid 61340 | Yippie! Starting the client 2 again 🥳
[2024-06-20 12:48:19,747][flwr][DEBUG] - pid 61340 | Yippie! Starting the client 6 again 🥳
[2024-06-20 12:48:26,503][flwr][DEBUG] - pid 61340 | Yippie! Starting the client 5 again 🥳
[2024-06-20 12:48:26,611][flwr][DEBUG] - pid 61340 | Yippie! Starting the client 8 again 🥳
[2024-06-20 12:48:26,668][flwr][DEBUG] - pid 61340 | Yippie! Starting the client 3 again 🥳
[2024-06-20 12:48:26,758][flwr][DEBUG] - pid 61340 | Yippie! Starting the client 4 again 🥳
[2024-06-20 12:48:26,860][flwr][DEBUG] - pid 61340 | Yippie! Starting the client 0 again 🥳
[2024-06-20 12:48:26,919][flwr][DEBUG] - pid 61340 | Yippie! Starting the client 9 again 🥳
[2024-06-20 12:48:29,944][flwr][DEBUG] - pid 61340 | Yippie! Starting the client 5 again 🥳
[2024-06-20 12:48:30,104][flwr][DEBUG] - pid 61340 | Yippie! Starting the client 7 again 🥳
[2024-06-20 12:48:31,418][flwr][DEBUG] - pid 61340 | Yippie! Starting the client 3 again 🥳
[2024-06-20 12:48:31,489][flwr][DEBUG] - pid 61340 | Yippie! Starting the client 1 again 🥳
[2024-06-20 12:48:31,578][flwr][DEBUG] - pid 61340 | Yippie! Starting the client 6 again 🥳
[2024-06-20 12:48:40,240][flwr][DEBUG] - pid 61340 | Yippie! Starting the client 1 again 🥳
[2024-06-20 12:48:40,367][flwr][DEBUG] - pid 61340 | Yippie! Starting the client 2 again 🥳
[2024-06-20 12:48:40,477][flwr][DEBUG] - pid 61340 | Yippie! Starting the client 8 again 🥳
[2024-06-20 12:48:40,638][flwr][DEBUG] - pid 61340 | Yippie! Starting the client 3 again 🥳
[2024-06-20 12:48:40,790][flwr][DEBUG] - pid 61340 | Yippie! Starting the client 4 again 🥳
[2024-06-20 12:48:40,875][flwr][DEBUG] - pid 61340 | Yippie! Starting the client 7 again 🥳
[2024-06-20 12:48:40,940][flwr][DEBUG] - pid 61340 | Yippie! Starting the client 0 again 🥳
[2024-06-20 12:48:41,003][flwr][DEBUG] - pid 61340 | Yippie! Starting the client 9 again 🥳
[2024-06-20 12:48:48,967][flwr][DEBUG] - pid 61340 | Yippie! Starting the client 0 again 🥳
[2024-06-20 12:48:49,064][flwr][DEBUG] - pid 61340 | Yippie! Starting the client 5 again 🥳
[2024-06-20 12:48:49,134][flwr][DEBUG] - pid 61340 | Yippie! Starting the client 9 again 🥳
[2024-06-20 12:48:49,234][flwr][DEBUG] - pid 61340 | Yippie! Starting the client 8 again 🥳
[2024-06-20 12:48:49,290][flwr][DEBUG] - pid 61340 | Yippie! Starting the client 1 again 🥳
[2024-06-20 12:48:49,359][flwr][DEBUG] - pid 61340 | Yippie! Starting the client 6 again 🥳
[2024-06-20 12:48:49,460][flwr][DEBUG] - pid 61340 | Yippie! Starting the client 2 again 🥳
[2024-06-20 12:48:49,539][flwr][DEBUG] - pid 61340 | Yippie! Starting the client 7 again 🥳
[2024-06-20 12:48:56,406][flwr][DEBUG] - pid 61340 | Yippie! Starting the client 2 again 🥳
[2024-06-20 12:48:56,474][flwr][DEBUG] - pid 61340 | Yippie! Starting the client 3 again 🥳
[2024-06-20 12:48:56,985][flwr][DEBUG] - pid 61340 | Yippie! Starting the client 6 again 🥳
[2024-06-20 12:48:57,094][flwr][DEBUG] - pid 61340 | Yippie! Starting the client 0 again 🥳
[2024-06-20 12:48:57,192][flwr][DEBUG] - pid 61340 | Yippie! Starting the client 4 again 🥳
[2024-06-20 12:48:57,253][flwr][DEBUG] - pid 61340 | Yippie! Starting the client 5 again 🥳
[2024-06-20 12:48:57,324][flwr][DEBUG] - pid 61340 | Yippie! Starting the client 9 again 🥳
[2024-06-20 12:48:57,404][flwr][DEBUG] - pid 61340 | Yippie! Starting the client 8 again 🥳
[2024-06-20 12:48:58,219][flwr][DEBUG] - pid 61340 | Yippie! Starting the client 2 again 🥳
[2024-06-20 12:48:59,832][flwr][DEBUG] - pid 61340 | Yippie! Starting the client 3 again 🥳
[2024-06-20 12:49:06,049][flwr][DEBUG] - pid 61340 | Yippie! Starting the client 4 again 🥳
[2024-06-20 12:49:06,234][flwr][DEBUG] - pid 61340 | Yippie! Starting the client 5 again 🥳
[2024-06-20 12:49:06,317][flwr][DEBUG] - pid 61340 | Yippie! Starting the client 1 again 🥳
[2024-06-20 12:49:06,428][flwr][DEBUG] - pid 61340 | Yippie! Starting the client 6 again 🥳
[2024-06-20 12:49:06,525][flwr][DEBUG] - pid 61340 | Yippie! Starting the client 9 again 🥳
[2024-06-20 12:49:06,624][flwr][DEBUG] - pid 61340 | Yippie! Starting the client 7 again 🥳
[2024-06-20 12:49:06,673][flwr][DEBUG] - pid 61340 | Yippie! Starting the client 0 again 🥳
[2024-06-20 12:49:08,039][flwr][DEBUG] - pid 61340 | Yippie! Starting the client 8 again 🥳
[2024-06-20 12:49:09,147][flwr][DEBUG] - pid 61340 | Yippie! Starting the client 3 again 🥳
[2024-06-20 12:49:09,235][flwr][DEBUG] - pid 61340 | Yippie! Starting the client 2 again 🥳
[2024-06-20 12:49:16,137][flwr][DEBUG] - pid 61340 | Yippie! Starting the client 1 again 🥳
[2024-06-20 12:49:17,860][flwr][DEBUG] - pid 61340 | Yippie! Starting the client 7 again 🥳
[2024-06-20 12:49:17,926][flwr][DEBUG] - pid 61340 | Yippie! Starting the client 9 again 🥳
[2024-06-20 12:49:18,085][flwr][DEBUG] - pid 61340 | Yippie! Starting the client 6 again 🥳
[2024-06-20 12:49:18,176][flwr][DEBUG] - pid 61340 | Yippie! Starting the client 5 again 🥳
[2024-06-20 12:49:23,029][flwr][DEBUG] - pid 61340 | Yippie! Starting the client 7 again 🥳
[2024-06-20 12:49:23,193][flwr][DEBUG] - pid 61340 | Yippie! Starting the client 4 again 🥳
[2024-06-20 12:49:23,341][flwr][DEBUG] - pid 61340 | Yippie! Starting the client 0 again 🥳
[2024-06-20 12:49:23,461][flwr][DEBUG] - pid 61340 | Yippie! Starting the client 2 again 🥳
[2024-06-20 12:49:23,560][flwr][DEBUG] - pid 61340 | Yippie! Starting the client 8 again 🥳
[2024-06-20 12:49:23,646][flwr][DEBUG] - pid 61340 | Yippie! Starting the client 3 again 🥳
[2024-06-20 12:49:26,833][flwr][DEBUG] - pid 61340 | Yippie! Starting the client 6 again 🥳
[2024-06-20 12:49:31,439][flwr][DEBUG] - pid 61340 | Yippie! Starting the client 8 again 🥳
[2024-06-20 12:49:31,452][flwr][DEBUG] - pid 61340 | Yippie! Starting the client 7 again 🥳
[2024-06-20 12:49:31,546][flwr][DEBUG] - pid 61340 | Yippie! Starting the client 1 again 🥳
[2024-06-20 12:49:31,649][flwr][DEBUG] - pid 61340 | Yippie! Starting the client 9 again 🥳
[2024-06-20 12:49:31,745][flwr][DEBUG] - pid 61340 | Yippie! Starting the client 4 again 🥳
[2024-06-20 12:49:31,846][flwr][DEBUG] - pid 61340 | Yippie! Starting the client 5 again 🥳
[2024-06-20 12:49:37,814][flwr][INFO] - FL finished
[2024-06-20 12:49:37,815][flwr][INFO] - FL finished in 215.6876175403595
[2024-06-20 12:49:37,815][flwr][INFO] - app_fit: losses_distributed []
[2024-06-20 12:49:37,815][flwr][INFO] - app_fit: metrics_distributed_fit {}
[2024-06-20 12:49:37,815][flwr][INFO] - app_fit: metrics_distributed {}
[2024-06-20 12:49:37,815][flwr][INFO] - app_fit: losses_centralized [(1718880362.1273222, 193.7571313381195), (0, 193.78823518753052), (5, 171.91754257678986), (10, 161.87814092636108), (15, 129.21256959438324), (25, 107.9501758813858), (40, 76.87074661254883), (45, 67.8548150062561), (50, 65.69563835859299), (55, 66.75686901807785), (60, 65.75932013988495), (65, 59.981886088848114), (70, 54.86202645301819), (75, 55.13633805513382), (85, 46.79643186926842), (95, 46.643107026815414), (100, 47.255914986133575), (105, 43.32609638571739), (110, 40.437064439058304), (115, 41.224965661764145), (125, 39.77266973257065), (130, 38.50339603424072), (135, 36.36213478446007), (145, 36.423365980386734), (155, 35.53411382436752), (160, 35.520666033029556), (165, 35.55932420492172), (170, 35.41482973098755), (175, 35.242630034685135)]
[2024-06-20 12:49:37,815][flwr][INFO] - app_fit: metrics_centralized {'accuracy': [(1718880362.1273339, 0.101), (0, 0.101), (5, 0.3966), (10, 0.4757), (15, 0.5059), (25, 0.6475), (40, 0.6631), (45, 0.7173), (50, 0.717), (55, 0.7142), (60, 0.728), (65, 0.7389), (70, 0.7643), (75, 0.7984), (85, 0.8145), (95, 0.8146), (100, 0.8274), (105, 0.8456), (110, 0.8604), (115, 0.8603), (125, 0.87), (130, 0.8771), (135, 0.8791), (145, 0.8867), (155, 0.8922), (160, 0.8909), (165, 0.8911), (170, 0.8931), (175, 0.8931)], 'end_timestamp': [(0, 1718880702.1274295), (5, 1718880702.1274295), (10, 1718880702.1274295), (15, 1718880702.1274295), (25, 1718880702.1274295), (40, 1718880702.1274295), (45, 1718880702.1274295), (50, 1718880702.1274295), (55, 1718880702.1274295), (60, 1718880702.1274295), (65, 1718880702.1274295), (70, 1718880702.1274295), (75, 1718880702.1274295), (85, 1718880702.1274295), (95, 1718880702.1274295), (100, 1718880702.1274295), (105, 1718880702.1274295), (110, 1718880702.1274295), (115, 1718880702.1274295), (125, 1718880702.1274295), (130, 1718880702.1274295), (135, 1718880702.1274295), (145, 1718880702.1274295), (155, 1718880702.1274295), (160, 1718880702.1274295), (165, 1718880702.1274295), (170, 1718880702.1274295), (175, 1718880702.1274295)], 'start_timestamp': [(0, 1718880362.1274333), (5, 1718880362.1274333), (10, 1718880362.1274333), (15, 1718880362.1274333), (25, 1718880362.1274333), (40, 1718880362.1274333), (45, 1718880362.1274333), (50, 1718880362.1274333), (55, 1718880362.1274333), (60, 1718880362.1274333), (65, 1718880362.1274333), (70, 1718880362.1274333), (75, 1718880362.1274333), (85, 1718880362.1274333), (95, 1718880362.1274333), (100, 1718880362.1274333), (105, 1718880362.1274333), (110, 1718880362.1274333), (115, 1718880362.1274333), (125, 1718880362.1274333), (130, 1718880362.1274333), (135, 1718880362.1274333), (145, 1718880362.1274333), (155, 1718880362.1274333), (160, 1718880362.1274333), (165, 1718880362.1274333), (170, 1718880362.1274333), (175, 1718880362.1274333)]}
