[2024-06-20 12:05:00,272][flwr][INFO] - Using seed 1718877900 for client dataset permutation
[2024-06-20 12:05:00,273][flwr][INFO] - Using seed 123456 for dataset partition
[2024-06-20 12:05:00,288][flwr][INFO] - Client dataset sizes:
[2024-06-20 12:05:01,724][flwr][INFO] - Client 0 has 8993 training samples with label distribution: {0: 195, 1: 4277, 2: 486, 3: 1, 4: 2921, 5: 18, 6: 1090, 7: 5}
[2024-06-20 12:05:02,792][flwr][INFO] - Client 1 has 6254 training samples with label distribution: {0: 320, 2: 1962, 4: 379, 7: 3593}
[2024-06-20 12:05:03,043][flwr][INFO] - Client 2 has 1787 training samples with label distribution: {1: 98, 4: 1150, 5: 1, 7: 538}
[2024-06-20 12:05:03,499][flwr][INFO] - Client 3 has 3148 training samples with label distribution: {0: 8, 1: 5, 2: 2138, 3: 184, 7: 1, 8: 758, 9: 54}
[2024-06-20 12:05:05,125][flwr][INFO] - Client 4 has 11700 training samples with label distribution: {0: 583, 1: 1661, 2: 760, 3: 1126, 4: 621, 5: 1858, 6: 4211, 7: 880}
[2024-06-20 12:05:06,061][flwr][INFO] - Client 5 has 6653 training samples with label distribution: {0: 2033, 3: 3494, 4: 120, 5: 122, 6: 15, 7: 50, 8: 111, 9: 708}
[2024-06-20 12:05:07,153][flwr][INFO] - Client 6 has 7718 training samples with label distribution: {0: 1100, 1: 26, 2: 2, 3: 563, 4: 72, 5: 1496, 6: 6, 7: 337, 8: 166, 9: 3950}
[2024-06-20 12:05:07,672][flwr][INFO] - Client 7 has 3481 training samples with label distribution: {0: 1101, 1: 1, 2: 1, 3: 154, 4: 9, 5: 1117, 7: 232, 8: 476, 9: 390}
[2024-06-20 12:05:08,252][flwr][INFO] - Client 8 has 4145 training samples with label distribution: {0: 10, 3: 5, 5: 242, 7: 4, 8: 3724, 9: 160}
[2024-06-20 12:05:08,269][flwr][INFO] - Client 9 has 121 training samples with label distribution: {5: 28, 8: 17, 9: 76}
[2024-06-20 12:05:11,399][flwr][INFO] - Testloader has 84 test samples with label distribution: {0: 980, 1: 1135, 2: 1032, 3: 1010, 4: 982, 5: 892, 6: 958, 7: 1028, 8: 974, 9: 1009}
[2024-06-20 12:05:11,399][flwr][WARNING] - 
Setting `min_available_clients` lower than `min_fit_clients` or
`min_evaluate_clients` can cause the server to fail when there are too few clients
connected to the server. `min_available_clients` must be set to a value larger
than or equal to the values of `min_fit_clients` and `min_evaluate_clients`.

[2024-06-20 12:05:11,400][flwr][INFO] - Starting Flower simulation, config: ServerConfig(num_rounds=1, round_timeout=None)
[2024-06-20 12:05:14,157][flwr][INFO] - Flower VCE: Ray initialized with resources: {'memory': 8184368334.0, 'object_store_memory': 4092184166.0, 'CPU': 8.0, 'node:145.94.238.25': 1.0, 'node:__internal_head__': 1.0}
[2024-06-20 12:05:14,157][flwr][INFO] - Initializing global parameters
[2024-06-20 12:05:14,157][flwr][INFO] - Requesting initial parameters from one random client
[2024-06-20 12:05:15,958][flwr][INFO] - Received initial parameters from one random client
[2024-06-20 12:05:15,958][flwr][INFO] - Evaluating initial parameters
[2024-06-20 12:05:17,189][flwr][INFO] - initial parameters (loss, other metrics): 193.82814955711365, {'accuracy': 0.0956}
[2024-06-20 12:05:17,189][flwr][INFO] - FL starting
[2024-06-20 12:05:17,189][flwr][DEBUG] - fit_round 0: strategy sampled 10 clients (out of 10)
[2024-06-20 12:05:33,288][flwr][DEBUG] - pid 21915 | Yippie! Starting the client 7 again 🥳
[2024-06-20 12:05:33,423][flwr][DEBUG] - pid 21915 | Yippie! Starting the client 8 again 🥳
[2024-06-20 12:05:38,584][flwr][DEBUG] - pid 21915 | Yippie! Starting the client 9 again 🥳
[2024-06-20 12:05:38,719][flwr][DEBUG] - pid 21915 | Yippie! Starting the client 5 again 🥳
[2024-06-20 12:05:40,604][flwr][DEBUG] - pid 21915 | Yippie! Starting the client 0 again 🥳
[2024-06-20 12:05:40,713][flwr][DEBUG] - pid 21915 | Yippie! Starting the client 1 again 🥳
[2024-06-20 12:05:40,806][flwr][DEBUG] - pid 21915 | Yippie! Starting the client 2 again 🥳
[2024-06-20 12:05:40,880][flwr][DEBUG] - pid 21915 | Yippie! Starting the client 3 again 🥳
[2024-06-20 12:05:40,963][flwr][DEBUG] - pid 21915 | Yippie! Starting the client 4 again 🥳
[2024-06-20 12:05:43,505][flwr][DEBUG] - pid 21915 | Yippie! Starting the client 7 again 🥳
[2024-06-20 12:05:47,344][flwr][DEBUG] - pid 21915 | Yippie! Starting the client 9 again 🥳
[2024-06-20 12:05:52,019][flwr][DEBUG] - pid 21915 | Yippie! Starting the client 2 again 🥳
[2024-06-20 12:05:52,162][flwr][DEBUG] - pid 21915 | Yippie! Starting the client 5 again 🥳
[2024-06-20 12:05:52,300][flwr][DEBUG] - pid 21915 | Yippie! Starting the client 0 again 🥳
[2024-06-20 12:05:52,360][flwr][DEBUG] - pid 21915 | Yippie! Starting the client 6 again 🥳
[2024-06-20 12:05:52,418][flwr][DEBUG] - pid 21915 | Yippie! Starting the client 8 again 🥳
[2024-06-20 12:05:58,247][flwr][DEBUG] - pid 21915 | Yippie! Starting the client 4 again 🥳
[2024-06-20 12:06:01,621][flwr][DEBUG] - pid 21915 | Yippie! Starting the client 8 again 🥳
[2024-06-20 12:06:01,842][flwr][DEBUG] - pid 21915 | Yippie! Starting the client 3 again 🥳
[2024-06-20 12:06:01,945][flwr][DEBUG] - pid 21915 | Yippie! Starting the client 1 again 🥳
[2024-06-20 12:06:02,057][flwr][DEBUG] - pid 21915 | Yippie! Starting the client 9 again 🥳
[2024-06-20 12:06:02,146][flwr][DEBUG] - pid 21915 | Yippie! Starting the client 2 again 🥳
[2024-06-20 12:06:02,229][flwr][DEBUG] - pid 21915 | Yippie! Starting the client 7 again 🥳
[2024-06-20 12:06:02,324][flwr][DEBUG] - pid 21915 | Yippie! Starting the client 0 again 🥳
[2024-06-20 12:06:02,397][flwr][DEBUG] - pid 21915 | Yippie! Starting the client 5 again 🥳
[2024-06-20 12:06:06,440][flwr][DEBUG] - pid 21915 | Yippie! Starting the client 6 again 🥳
[2024-06-20 12:06:09,599][flwr][DEBUG] - pid 21915 | Yippie! Starting the client 3 again 🥳
[2024-06-20 12:06:11,322][flwr][DEBUG] - pid 21915 | Yippie! Starting the client 1 again 🥳
[2024-06-20 12:06:11,407][flwr][DEBUG] - pid 21915 | Yippie! Starting the client 9 again 🥳
[2024-06-20 12:06:11,538][flwr][DEBUG] - pid 21915 | Yippie! Starting the client 4 again 🥳
[2024-06-20 12:06:11,610][flwr][DEBUG] - pid 21915 | Yippie! Starting the client 8 again 🥳
[2024-06-20 12:06:14,065][flwr][DEBUG] - pid 21915 | Yippie! Starting the client 7 again 🥳
[2024-06-20 12:06:19,312][flwr][DEBUG] - pid 21915 | Yippie! Starting the client 6 again 🥳
[2024-06-20 12:06:19,400][flwr][DEBUG] - pid 21915 | Yippie! Starting the client 2 again 🥳
[2024-06-20 12:06:19,528][flwr][DEBUG] - pid 21915 | Yippie! Starting the client 3 again 🥳
[2024-06-20 12:06:19,599][flwr][DEBUG] - pid 21915 | Yippie! Starting the client 0 again 🥳
[2024-06-20 12:06:19,719][flwr][DEBUG] - pid 21915 | Yippie! Starting the client 5 again 🥳
[2024-06-20 12:06:25,734][flwr][DEBUG] - pid 21915 | Yippie! Starting the client 4 again 🥳
[2024-06-20 12:06:25,938][flwr][DEBUG] - pid 21915 | Yippie! Starting the client 8 again 🥳
[2024-06-20 12:06:27,377][flwr][DEBUG] - pid 21915 | Yippie! Starting the client 2 again 🥳
[2024-06-20 12:06:27,495][flwr][DEBUG] - pid 21915 | Yippie! Starting the client 9 again 🥳
[2024-06-20 12:06:27,572][flwr][DEBUG] - pid 21915 | Yippie! Starting the client 1 again 🥳
[2024-06-20 12:06:30,501][flwr][DEBUG] - pid 21915 | Yippie! Starting the client 6 again 🥳
[2024-06-20 12:06:33,965][flwr][DEBUG] - pid 21915 | Yippie! Starting the client 5 again 🥳
[2024-06-20 12:06:34,099][flwr][DEBUG] - pid 21915 | Yippie! Starting the client 7 again 🥳
[2024-06-20 12:06:34,204][flwr][DEBUG] - pid 21915 | Yippie! Starting the client 0 again 🥳
[2024-06-20 12:06:40,244][flwr][DEBUG] - pid 21915 | Yippie! Starting the client 1 again 🥳
[2024-06-20 12:06:40,309][flwr][DEBUG] - pid 21915 | Yippie! Starting the client 3 again 🥳
[2024-06-20 12:06:40,396][flwr][DEBUG] - pid 21915 | Yippie! Starting the client 9 again 🥳
[2024-06-20 12:06:40,464][flwr][DEBUG] - pid 21915 | Yippie! Starting the client 2 again 🥳
[2024-06-20 12:06:40,543][flwr][DEBUG] - pid 21915 | Yippie! Starting the client 4 again 🥳
[2024-06-20 12:06:40,640][flwr][DEBUG] - pid 21915 | Yippie! Starting the client 8 again 🥳
[2024-06-20 12:06:43,335][flwr][DEBUG] - pid 21915 | Yippie! Starting the client 5 again 🥳
[2024-06-20 12:06:43,974][flwr][DEBUG] - pid 21915 | Yippie! Starting the client 7 again 🥳
[2024-06-20 12:06:44,099][flwr][DEBUG] - pid 21915 | Yippie! Starting the client 6 again 🥳
[2024-06-20 12:06:48,088][flwr][DEBUG] - pid 21915 | Yippie! Starting the client 1 again 🥳
[2024-06-20 12:06:49,501][flwr][DEBUG] - pid 21915 | Yippie! Starting the client 3 again 🥳
[2024-06-20 12:06:49,640][flwr][DEBUG] - pid 21915 | Yippie! Starting the client 9 again 🥳
[2024-06-20 12:06:49,732][flwr][DEBUG] - pid 21915 | Yippie! Starting the client 0 again 🥳
[2024-06-20 12:06:51,845][flwr][DEBUG] - pid 21915 | Yippie! Starting the client 8 again 🥳
[2024-06-20 12:06:55,646][flwr][DEBUG] - pid 21915 | Yippie! Starting the client 4 again 🥳
[2024-06-20 12:06:55,807][flwr][DEBUG] - pid 21915 | Yippie! Starting the client 2 again 🥳
[2024-06-20 12:06:55,901][flwr][DEBUG] - pid 21915 | Yippie! Starting the client 5 again 🥳
[2024-06-20 12:06:57,326][flwr][DEBUG] - pid 21915 | Yippie! Starting the client 7 again 🥳
[2024-06-20 12:07:00,442][flwr][DEBUG] - pid 21915 | Yippie! Starting the client 3 again 🥳
[2024-06-20 12:07:00,553][flwr][DEBUG] - pid 21915 | Yippie! Starting the client 1 again 🥳
[2024-06-20 12:07:00,653][flwr][DEBUG] - pid 21915 | Yippie! Starting the client 6 again 🥳
[2024-06-20 12:07:00,724][flwr][DEBUG] - pid 21915 | Yippie! Starting the client 9 again 🥳
[2024-06-20 12:07:03,830][flwr][DEBUG] - pid 21915 | Yippie! Starting the client 8 again 🥳
[2024-06-20 12:07:05,508][flwr][DEBUG] - pid 21915 | Yippie! Starting the client 0 again 🥳
[2024-06-20 12:07:07,576][flwr][DEBUG] - pid 21915 | Yippie! Starting the client 2 again 🥳
[2024-06-20 12:07:12,178][flwr][DEBUG] - pid 21915 | Yippie! Starting the client 7 again 🥳
[2024-06-20 12:07:12,284][flwr][DEBUG] - pid 21915 | Yippie! Starting the client 5 again 🥳
[2024-06-20 12:07:15,112][flwr][DEBUG] - pid 21915 | Yippie! Starting the client 9 again 🥳
[2024-06-20 12:07:15,201][flwr][DEBUG] - pid 21915 | Yippie! Starting the client 3 again 🥳
[2024-06-20 12:07:15,308][flwr][DEBUG] - pid 21915 | Yippie! Starting the client 4 again 🥳
[2024-06-20 12:07:19,498][flwr][DEBUG] - pid 21915 | Yippie! Starting the client 2 again 🥳
[2024-06-20 12:07:19,603][flwr][DEBUG] - pid 21915 | Yippie! Starting the client 6 again 🥳
[2024-06-20 12:07:20,435][flwr][DEBUG] - pid 21915 | Yippie! Starting the client 0 again 🥳
[2024-06-20 12:07:20,530][flwr][DEBUG] - pid 21915 | Yippie! Starting the client 8 again 🥳
[2024-06-20 12:07:20,649][flwr][DEBUG] - pid 21915 | Yippie! Starting the client 1 again 🥳
[2024-06-20 12:07:24,475][flwr][DEBUG] - pid 21915 | Yippie! Starting the client 3 again 🥳
[2024-06-20 12:07:24,612][flwr][DEBUG] - pid 21915 | Yippie! Starting the client 7 again 🥳
[2024-06-20 12:07:24,722][flwr][DEBUG] - pid 21915 | Yippie! Starting the client 5 again 🥳
[2024-06-20 12:07:24,810][flwr][DEBUG] - pid 21915 | Yippie! Starting the client 9 again 🥳
[2024-06-20 12:07:30,281][flwr][DEBUG] - pid 21915 | Yippie! Starting the client 4 again 🥳
[2024-06-20 12:07:35,031][flwr][DEBUG] - pid 21915 | Yippie! Starting the client 1 again 🥳
[2024-06-20 12:07:35,162][flwr][DEBUG] - pid 21915 | Yippie! Starting the client 8 again 🥳
[2024-06-20 12:07:35,293][flwr][DEBUG] - pid 21915 | Yippie! Starting the client 6 again 🥳
[2024-06-20 12:07:35,462][flwr][DEBUG] - pid 21915 | Yippie! Starting the client 2 again 🥳
[2024-06-20 12:07:35,602][flwr][DEBUG] - pid 21915 | Yippie! Starting the client 3 again 🥳
[2024-06-20 12:07:38,296][flwr][DEBUG] - pid 21915 | Yippie! Starting the client 7 again 🥳
[2024-06-20 12:07:38,454][flwr][DEBUG] - pid 21915 | Yippie! Starting the client 0 again 🥳
[2024-06-20 12:07:39,429][flwr][DEBUG] - pid 21915 | Yippie! Starting the client 5 again 🥳
[2024-06-20 12:07:43,452][flwr][DEBUG] - pid 21915 | Yippie! Starting the client 4 again 🥳
[2024-06-20 12:07:43,520][flwr][DEBUG] - pid 21915 | Yippie! Starting the client 9 again 🥳
[2024-06-20 12:07:46,608][flwr][DEBUG] - pid 21915 | Yippie! Starting the client 2 again 🥳
[2024-06-20 12:07:46,758][flwr][DEBUG] - pid 21915 | Yippie! Starting the client 8 again 🥳
[2024-06-20 12:07:49,169][flwr][DEBUG] - pid 21915 | Yippie! Starting the client 7 again 🥳
[2024-06-20 12:07:49,288][flwr][DEBUG] - pid 21915 | Yippie! Starting the client 1 again 🥳
[2024-06-20 12:07:54,826][flwr][DEBUG] - pid 21915 | Yippie! Starting the client 9 again 🥳
[2024-06-20 12:07:54,981][flwr][DEBUG] - pid 21915 | Yippie! Starting the client 3 again 🥳
[2024-06-20 12:07:54,986][flwr][DEBUG] - pid 21915 | Yippie! Starting the client 5 again 🥳
[2024-06-20 12:07:55,095][flwr][DEBUG] - pid 21915 | Yippie! Starting the client 6 again 🥳
[2024-06-20 12:07:55,281][flwr][DEBUG] - pid 21915 | Yippie! Starting the client 0 again 🥳
[2024-06-20 12:08:05,616][flwr][DEBUG] - pid 21915 | Yippie! Starting the client 6 again 🥳
[2024-06-20 12:08:05,704][flwr][DEBUG] - pid 21915 | Yippie! Starting the client 4 again 🥳
[2024-06-20 12:08:05,834][flwr][DEBUG] - pid 21915 | Yippie! Starting the client 8 again 🥳
[2024-06-20 12:08:05,942][flwr][DEBUG] - pid 21915 | Yippie! Starting the client 7 again 🥳
[2024-06-20 12:08:06,106][flwr][DEBUG] - pid 21915 | Yippie! Starting the client 9 again 🥳
[2024-06-20 12:08:06,200][flwr][DEBUG] - pid 21915 | Yippie! Starting the client 1 again 🥳
[2024-06-20 12:08:06,273][flwr][DEBUG] - pid 21915 | Yippie! Starting the client 3 again 🥳
[2024-06-20 12:08:06,352][flwr][DEBUG] - pid 21915 | Yippie! Starting the client 5 again 🥳
[2024-06-20 12:08:06,446][flwr][DEBUG] - pid 21915 | Yippie! Starting the client 2 again 🥳
[2024-06-20 12:08:10,546][flwr][DEBUG] - pid 21915 | Yippie! Starting the client 0 again 🥳
[2024-06-20 12:08:14,197][flwr][DEBUG] - pid 21915 | Yippie! Starting the client 8 again 🥳
[2024-06-20 12:08:18,654][flwr][DEBUG] - pid 21915 | Yippie! Starting the client 1 again 🥳
[2024-06-20 12:08:18,875][flwr][DEBUG] - pid 21915 | Yippie! Starting the client 6 again 🥳
[2024-06-20 12:08:19,681][flwr][DEBUG] - pid 21915 | Yippie! Starting the client 2 again 🥳
[2024-06-20 12:08:19,843][flwr][DEBUG] - pid 21915 | Yippie! Starting the client 4 again 🥳
[2024-06-20 12:08:19,953][flwr][DEBUG] - pid 21915 | Yippie! Starting the client 3 again 🥳
[2024-06-20 12:08:20,026][flwr][DEBUG] - pid 21915 | Yippie! Starting the client 9 again 🥳
[2024-06-20 12:08:26,007][flwr][DEBUG] - pid 21915 | Yippie! Starting the client 2 again 🥳
[2024-06-20 12:08:26,074][flwr][DEBUG] - pid 21915 | Yippie! Starting the client 5 again 🥳
[2024-06-20 12:08:26,143][flwr][DEBUG] - pid 21915 | Yippie! Starting the client 0 again 🥳
[2024-06-20 12:08:26,224][flwr][DEBUG] - pid 21915 | Yippie! Starting the client 7 again 🥳
[2024-06-20 12:08:26,322][flwr][DEBUG] - pid 21915 | Yippie! Starting the client 1 again 🥳
[2024-06-20 12:08:27,259][flwr][DEBUG] - pid 21915 | Yippie! Starting the client 6 again 🥳
[2024-06-20 12:08:27,373][flwr][DEBUG] - pid 21915 | Yippie! Starting the client 8 again 🥳
[2024-06-20 12:08:29,506][flwr][DEBUG] - pid 21915 | Yippie! Starting the client 9 again 🥳
[2024-06-20 12:08:29,576][flwr][DEBUG] - pid 21915 | Yippie! Starting the client 3 again 🥳
[2024-06-20 12:08:36,870][flwr][DEBUG] - pid 21915 | Yippie! Starting the client 7 again 🥳
[2024-06-20 12:08:36,970][flwr][DEBUG] - pid 21915 | Yippie! Starting the client 4 again 🥳
[2024-06-20 12:08:37,073][flwr][DEBUG] - pid 21915 | Yippie! Starting the client 2 again 🥳
[2024-06-20 12:08:37,143][flwr][DEBUG] - pid 21915 | Yippie! Starting the client 5 again 🥳
[2024-06-20 12:08:37,270][flwr][DEBUG] - pid 21915 | Yippie! Starting the client 0 again 🥳
[2024-06-20 12:08:41,571][flwr][DEBUG] - pid 21915 | Yippie! Starting the client 6 again 🥳
[2024-06-20 12:08:41,668][flwr][DEBUG] - pid 21915 | Yippie! Starting the client 8 again 🥳
[2024-06-20 12:08:41,859][flwr][DEBUG] - pid 21915 | Yippie! Starting the client 9 again 🥳
[2024-06-20 12:08:41,979][flwr][DEBUG] - pid 21915 | Yippie! Starting the client 1 again 🥳
[2024-06-20 12:08:44,782][flwr][DEBUG] - pid 21915 | Yippie! Starting the client 7 again 🥳
[2024-06-20 12:08:44,912][flwr][DEBUG] - pid 21915 | Yippie! Starting the client 3 again 🥳
[2024-06-20 12:08:49,289][flwr][DEBUG] - pid 21915 | Yippie! Starting the client 4 again 🥳
[2024-06-20 12:08:49,393][flwr][DEBUG] - pid 21915 | Yippie! Starting the client 2 again 🥳
[2024-06-20 12:08:52,810][flwr][DEBUG] - pid 21915 | Yippie! Starting the client 6 again 🥳
[2024-06-20 12:08:52,869][flwr][DEBUG] - pid 21915 | Yippie! Starting the client 5 again 🥳
[2024-06-20 12:08:53,314][flwr][DEBUG] - pid 21915 | Yippie! Starting the client 9 again 🥳
[2024-06-20 12:08:55,807][flwr][DEBUG] - pid 21915 | Yippie! Starting the client 8 again 🥳
[2024-06-20 12:08:55,971][flwr][DEBUG] - pid 21915 | Yippie! Starting the client 0 again 🥳
[2024-06-20 12:08:57,218][flwr][DEBUG] - pid 21915 | Yippie! Starting the client 1 again 🥳
[2024-06-20 12:08:57,280][flwr][DEBUG] - pid 21915 | Yippie! Starting the client 7 again 🥳
[2024-06-20 12:09:00,963][flwr][DEBUG] - pid 21915 | Yippie! Starting the client 2 again 🥳
[2024-06-20 12:09:06,182][flwr][DEBUG] - pid 21915 | Yippie! Starting the client 5 again 🥳
[2024-06-20 12:09:06,319][flwr][DEBUG] - pid 21915 | Yippie! Starting the client 3 again 🥳
[2024-06-20 12:09:06,454][flwr][DEBUG] - pid 21915 | Yippie! Starting the client 9 again 🥳
[2024-06-20 12:09:06,642][flwr][DEBUG] - pid 21915 | Yippie! Starting the client 8 again 🥳
[2024-06-20 12:09:06,718][flwr][DEBUG] - pid 21915 | Yippie! Starting the client 4 again 🥳
[2024-06-20 12:09:11,158][flwr][DEBUG] - pid 21915 | Yippie! Starting the client 0 again 🥳
[2024-06-20 12:09:12,350][flwr][DEBUG] - pid 21915 | Yippie! Starting the client 7 again 🥳
[2024-06-20 12:09:12,505][flwr][DEBUG] - pid 21915 | Yippie! Starting the client 6 again 🥳
[2024-06-20 12:09:12,613][flwr][DEBUG] - pid 21915 | Yippie! Starting the client 1 again 🥳
[2024-06-20 12:09:12,691][flwr][DEBUG] - pid 21915 | Yippie! Starting the client 2 again 🥳
[2024-06-20 12:09:16,016][flwr][DEBUG] - pid 21915 | Yippie! Starting the client 5 again 🥳
[2024-06-20 12:09:16,126][flwr][DEBUG] - pid 21915 | Yippie! Starting the client 9 again 🥳
[2024-06-20 12:09:21,021][flwr][DEBUG] - pid 21915 | Yippie! Starting the client 4 again 🥳
[2024-06-20 12:09:21,128][flwr][DEBUG] - pid 21915 | Yippie! Starting the client 8 again 🥳
[2024-06-20 12:09:21,215][flwr][DEBUG] - pid 21915 | Yippie! Starting the client 3 again 🥳
[2024-06-20 12:09:26,156][flwr][DEBUG] - pid 21915 | Yippie! Starting the client 6 again 🥳
[2024-06-20 12:09:26,261][flwr][DEBUG] - pid 21915 | Yippie! Starting the client 0 again 🥳
[2024-06-20 12:09:33,151][flwr][DEBUG] - pid 21915 | Yippie! Starting the client 3 again 🥳
[2024-06-20 12:09:33,261][flwr][DEBUG] - pid 21915 | Yippie! Starting the client 2 again 🥳
[2024-06-20 12:09:33,335][flwr][DEBUG] - pid 21915 | Yippie! Starting the client 1 again 🥳
[2024-06-20 12:09:33,408][flwr][DEBUG] - pid 21915 | Yippie! Starting the client 9 again 🥳
[2024-06-20 12:09:33,504][flwr][DEBUG] - pid 21915 | Yippie! Starting the client 5 again 🥳
[2024-06-20 12:09:33,510][flwr][DEBUG] - pid 21915 | Yippie! Starting the client 7 again 🥳
[2024-06-20 12:09:33,677][flwr][DEBUG] - pid 21915 | Yippie! Starting the client 8 again 🥳
[2024-06-20 12:09:33,756][flwr][DEBUG] - pid 21915 | Yippie! Starting the client 4 again 🥳
[2024-06-20 12:09:37,504][flwr][DEBUG] - pid 21915 | Yippie! Starting the client 6 again 🥳
[2024-06-20 12:09:43,552][flwr][DEBUG] - pid 21915 | Yippie! Starting the client 7 again 🥳
[2024-06-20 12:09:47,725][flwr][INFO] - FL finished
[2024-06-20 12:09:47,726][flwr][INFO] - FL finished in 270.5367293357849
[2024-06-20 12:09:47,726][flwr][INFO] - app_fit: losses_distributed []
[2024-06-20 12:09:47,726][flwr][INFO] - app_fit: metrics_distributed_fit {}
[2024-06-20 12:09:47,727][flwr][INFO] - app_fit: metrics_distributed {}
[2024-06-20 12:09:47,727][flwr][INFO] - app_fit: losses_centralized [(1718877917.1893592, 193.82814955711365), (0, 193.8147838115692), (5, 177.1625874042511), (10, 171.80274760723114), (15, 155.9771102666855), (20, 137.16486287117004), (30, 108.22294771671295), (35, 103.2535308599472), (40, 91.02762937545776), (45, 90.49860191345215), (55, 80.10200083255768), (60, 75.50356769561768), (65, 70.64114809036255), (70, 67.64268243312836), (75, 67.87824672460556), (80, 62.05297100543976), (85, 62.94680243730545), (90, 60.20990824699402), (95, 54.72618421912193), (100, 56.77983516454697), (105, 53.982243716716766), (110, 54.06441405415535), (115, 51.32994243502617), (120, 50.09998780488968), (130, 49.936978220939636), (135, 48.59640675783157), (140, 47.9997436106205), (145, 47.01807779073715), (150, 46.64233326911926), (155, 46.88392075896263), (160, 45.94983917474747), (165, 45.46264606714249), (170, 45.430811792612076)]
[2024-06-20 12:09:47,727][flwr][INFO] - app_fit: metrics_centralized {'accuracy': [(1718877917.1893735, 0.0956), (0, 0.0956), (5, 0.3645), (10, 0.4796), (15, 0.5101), (20, 0.531), (30, 0.5838), (35, 0.6276), (40, 0.6223), (45, 0.6243), (55, 0.6823), (60, 0.6906), (65, 0.7186), (70, 0.7302), (75, 0.742), (80, 0.7483), (85, 0.7576), (90, 0.7655), (95, 0.785), (100, 0.7764), (105, 0.7954), (110, 0.8065), (115, 0.8179), (120, 0.8209), (130, 0.8242), (135, 0.828), (140, 0.8307), (145, 0.8369), (150, 0.8381), (155, 0.8375), (160, 0.8429), (165, 0.8456), (170, 0.8456)], 'end_timestamp': [(0, 1718878257.1894984), (5, 1718878257.1894984), (10, 1718878257.1894984), (15, 1718878257.1894984), (20, 1718878257.1894984), (30, 1718878257.1894984), (35, 1718878257.1894984), (40, 1718878257.1894984), (45, 1718878257.1894984), (55, 1718878257.1894984), (60, 1718878257.1894984), (65, 1718878257.1894984), (70, 1718878257.1894984), (75, 1718878257.1894984), (80, 1718878257.1894984), (85, 1718878257.1894984), (90, 1718878257.1894984), (95, 1718878257.1894984), (100, 1718878257.1894984), (105, 1718878257.1894984), (110, 1718878257.1894984), (115, 1718878257.1894984), (120, 1718878257.1894984), (130, 1718878257.1894984), (135, 1718878257.1894984), (140, 1718878257.1894984), (145, 1718878257.1894984), (150, 1718878257.1894984), (155, 1718878257.1894984), (160, 1718878257.1894984), (165, 1718878257.1894984), (170, 1718878257.1894984)], 'start_timestamp': [(0, 1718877917.1895037), (5, 1718877917.1895037), (10, 1718877917.1895037), (15, 1718877917.1895037), (20, 1718877917.1895037), (30, 1718877917.1895037), (35, 1718877917.1895037), (40, 1718877917.1895037), (45, 1718877917.1895037), (55, 1718877917.1895037), (60, 1718877917.1895037), (65, 1718877917.1895037), (70, 1718877917.1895037), (75, 1718877917.1895037), (80, 1718877917.1895037), (85, 1718877917.1895037), (90, 1718877917.1895037), (95, 1718877917.1895037), (100, 1718877917.1895037), (105, 1718877917.1895037), (110, 1718877917.1895037), (115, 1718877917.1895037), (120, 1718877917.1895037), (130, 1718877917.1895037), (135, 1718877917.1895037), (140, 1718877917.1895037), (145, 1718877917.1895037), (150, 1718877917.1895037), (155, 1718877917.1895037), (160, 1718877917.1895037), (165, 1718877917.1895037), (170, 1718877917.1895037)]}
