[2024-06-20 12:38:25,649][flwr][INFO] - Using seed 1718879905 for client dataset permutation
[2024-06-20 12:38:25,649][flwr][INFO] - Using seed 123456 for dataset partition
[2024-06-20 12:38:25,661][flwr][INFO] - Client dataset sizes:
[2024-06-20 12:38:26,721][flwr][INFO] - Client 0 has 8993 training samples with label distribution: {0: 195, 1: 4277, 2: 486, 3: 1, 4: 2921, 5: 18, 6: 1090, 7: 5}
[2024-06-20 12:38:27,524][flwr][INFO] - Client 1 has 6254 training samples with label distribution: {0: 320, 2: 1962, 4: 379, 7: 3593}
[2024-06-20 12:38:27,734][flwr][INFO] - Client 2 has 1787 training samples with label distribution: {1: 98, 4: 1150, 5: 1, 7: 538}
[2024-06-20 12:38:28,098][flwr][INFO] - Client 3 has 3148 training samples with label distribution: {0: 8, 1: 5, 2: 2138, 3: 184, 7: 1, 8: 758, 9: 54}
[2024-06-20 12:38:29,432][flwr][INFO] - Client 4 has 11700 training samples with label distribution: {0: 583, 1: 1661, 2: 760, 3: 1126, 4: 621, 5: 1858, 6: 4211, 7: 880}
[2024-06-20 12:38:30,189][flwr][INFO] - Client 5 has 6653 training samples with label distribution: {0: 2033, 3: 3494, 4: 120, 5: 122, 6: 15, 7: 50, 8: 111, 9: 708}
[2024-06-20 12:38:31,067][flwr][INFO] - Client 6 has 7718 training samples with label distribution: {0: 1100, 1: 26, 2: 2, 3: 563, 4: 72, 5: 1496, 6: 6, 7: 337, 8: 166, 9: 3950}
[2024-06-20 12:38:31,463][flwr][INFO] - Client 7 has 3481 training samples with label distribution: {0: 1101, 1: 1, 2: 1, 3: 154, 4: 9, 5: 1117, 7: 232, 8: 476, 9: 390}
[2024-06-20 12:38:31,936][flwr][INFO] - Client 8 has 4145 training samples with label distribution: {0: 10, 3: 5, 5: 242, 7: 4, 8: 3724, 9: 160}
[2024-06-20 12:38:31,951][flwr][INFO] - Client 9 has 121 training samples with label distribution: {5: 28, 8: 17, 9: 76}
[2024-06-20 12:38:34,526][flwr][INFO] - Testloader has 84 test samples with label distribution: {0: 980, 1: 1135, 2: 1032, 3: 1010, 4: 982, 5: 892, 6: 958, 7: 1028, 8: 974, 9: 1009}
[2024-06-20 12:38:34,527][flwr][WARNING] - 
Setting `min_available_clients` lower than `min_fit_clients` or
`min_evaluate_clients` can cause the server to fail when there are too few clients
connected to the server. `min_available_clients` must be set to a value larger
than or equal to the values of `min_fit_clients` and `min_evaluate_clients`.

[2024-06-20 12:38:34,528][flwr][INFO] - Starting Flower simulation, config: ServerConfig(num_rounds=1, round_timeout=None)
[2024-06-20 12:38:36,853][flwr][INFO] - Flower VCE: Ray initialized with resources: {'node:__internal_head__': 1.0, 'node:145.94.238.25': 1.0, 'CPU': 8.0, 'object_store_memory': 4047525888.0, 'memory': 8095051776.0}
[2024-06-20 12:38:36,853][flwr][INFO] - Initializing global parameters
[2024-06-20 12:38:36,853][flwr][INFO] - Requesting initial parameters from one random client
[2024-06-20 12:38:38,422][flwr][INFO] - Received initial parameters from one random client
[2024-06-20 12:38:38,422][flwr][INFO] - Evaluating initial parameters
[2024-06-20 12:38:39,257][flwr][INFO] - initial parameters (loss, other metrics): 193.3462872505188, {'accuracy': 0.0896}
[2024-06-20 12:38:39,257][flwr][INFO] - FL starting
[2024-06-20 12:38:39,257][flwr][DEBUG] - fit_round 0: strategy sampled 10 clients (out of 10)
[2024-06-20 12:38:44,462][flwr][DEBUG] - pid 50396 | Yippie! Starting the client 7 again 🥳
[2024-06-20 12:38:53,222][flwr][DEBUG] - pid 50396 | Yippie! Starting the client 8 again 🥳
[2024-06-20 12:38:56,790][flwr][DEBUG] - pid 50396 | Yippie! Starting the client 9 again 🥳
[2024-06-20 12:38:56,915][flwr][DEBUG] - pid 50396 | Yippie! Starting the client 2 again 🥳
[2024-06-20 12:38:57,023][flwr][DEBUG] - pid 50396 | Yippie! Starting the client 4 again 🥳
[2024-06-20 12:39:00,372][flwr][DEBUG] - pid 50396 | Yippie! Starting the client 0 again 🥳
[2024-06-20 12:39:00,513][flwr][DEBUG] - pid 50396 | Yippie! Starting the client 1 again 🥳
[2024-06-20 12:39:00,602][flwr][DEBUG] - pid 50396 | Yippie! Starting the client 5 again 🥳
[2024-06-20 12:39:00,690][flwr][DEBUG] - pid 50396 | Yippie! Starting the client 7 again 🥳
[2024-06-20 12:39:01,549][flwr][DEBUG] - pid 50396 | Yippie! Starting the client 8 again 🥳
[2024-06-20 12:39:01,631][flwr][DEBUG] - pid 50396 | Yippie! Starting the client 2 again 🥳
[2024-06-20 12:39:07,724][flwr][DEBUG] - pid 50396 | Yippie! Starting the client 5 again 🥳
[2024-06-20 12:39:07,849][flwr][DEBUG] - pid 50396 | Yippie! Starting the client 0 again 🥳
[2024-06-20 12:39:07,997][flwr][DEBUG] - pid 50396 | Yippie! Starting the client 4 again 🥳
[2024-06-20 12:39:08,089][flwr][DEBUG] - pid 50396 | Yippie! Starting the client 6 again 🥳
[2024-06-20 12:39:08,146][flwr][DEBUG] - pid 50396 | Yippie! Starting the client 9 again 🥳
[2024-06-20 12:39:08,203][flwr][DEBUG] - pid 50396 | Yippie! Starting the client 3 again 🥳
[2024-06-20 12:39:10,102][flwr][DEBUG] - pid 50396 | Yippie! Starting the client 8 again 🥳
[2024-06-20 12:39:10,411][flwr][DEBUG] - pid 50396 | Yippie! Starting the client 2 again 🥳
[2024-06-20 12:39:10,533][flwr][DEBUG] - pid 50396 | Yippie! Starting the client 7 again 🥳
[2024-06-20 12:39:10,586][flwr][DEBUG] - pid 50396 | Yippie! Starting the client 1 again 🥳
[2024-06-20 12:39:13,639][flwr][DEBUG] - pid 50396 | Yippie! Starting the client 5 again 🥳
[2024-06-20 12:39:18,678][flwr][DEBUG] - pid 50396 | Yippie! Starting the client 3 again 🥳
[2024-06-20 12:39:18,807][flwr][DEBUG] - pid 50396 | Yippie! Starting the client 9 again 🥳
[2024-06-20 12:39:22,577][flwr][DEBUG] - pid 50396 | Yippie! Starting the client 3 again 🥳
[2024-06-20 12:39:22,659][flwr][DEBUG] - pid 50396 | Yippie! Starting the client 1 again 🥳
[2024-06-20 12:39:22,712][flwr][DEBUG] - pid 50396 | Yippie! Starting the client 6 again 🥳
[2024-06-20 12:39:22,786][flwr][DEBUG] - pid 50396 | Yippie! Starting the client 4 again 🥳
[2024-06-20 12:39:22,861][flwr][DEBUG] - pid 50396 | Yippie! Starting the client 0 again 🥳
[2024-06-20 12:39:22,950][flwr][DEBUG] - pid 50396 | Yippie! Starting the client 9 again 🥳
[2024-06-20 12:39:23,009][flwr][DEBUG] - pid 50396 | Yippie! Starting the client 8 again 🥳
[2024-06-20 12:39:23,091][flwr][DEBUG] - pid 50396 | Yippie! Starting the client 2 again 🥳
[2024-06-20 12:39:27,502][flwr][DEBUG] - pid 50396 | Yippie! Starting the client 6 again 🥳
[2024-06-20 12:39:27,685][flwr][DEBUG] - pid 50396 | Yippie! Starting the client 5 again 🥳
[2024-06-20 12:39:27,808][flwr][DEBUG] - pid 50396 | Yippie! Starting the client 7 again 🥳
[2024-06-20 12:39:27,834][flwr][DEBUG] - pid 50396 | Yippie! Starting the client 1 again 🥳
[2024-06-20 12:39:27,908][flwr][DEBUG] - pid 50396 | Yippie! Starting the client 3 again 🥳
[2024-06-20 12:39:31,540][flwr][DEBUG] - pid 50396 | Yippie! Starting the client 0 again 🥳
[2024-06-20 12:39:31,964][flwr][DEBUG] - pid 50396 | Yippie! Starting the client 8 again 🥳
[2024-06-20 12:39:32,049][flwr][DEBUG] - pid 50396 | Yippie! Starting the client 4 again 🥳
[2024-06-20 12:39:35,735][flwr][DEBUG] - pid 50396 | Yippie! Starting the client 5 again 🥳
[2024-06-20 12:39:35,920][flwr][DEBUG] - pid 50396 | Yippie! Starting the client 6 again 🥳
[2024-06-20 12:39:36,018][flwr][DEBUG] - pid 50396 | Yippie! Starting the client 9 again 🥳
[2024-06-20 12:39:36,546][flwr][DEBUG] - pid 50396 | Yippie! Starting the client 3 again 🥳
[2024-06-20 12:39:39,689][flwr][DEBUG] - pid 50396 | Yippie! Starting the client 0 again 🥳
[2024-06-20 12:39:39,746][flwr][DEBUG] - pid 50396 | Yippie! Starting the client 1 again 🥳
[2024-06-20 12:39:39,810][flwr][DEBUG] - pid 50396 | Yippie! Starting the client 7 again 🥳
[2024-06-20 12:39:44,605][flwr][DEBUG] - pid 50396 | Yippie! Starting the client 9 again 🥳
[2024-06-20 12:39:44,682][flwr][DEBUG] - pid 50396 | Yippie! Starting the client 2 again 🥳
[2024-06-20 12:39:44,774][flwr][DEBUG] - pid 50396 | Yippie! Starting the client 4 again 🥳
[2024-06-20 12:39:44,828][flwr][DEBUG] - pid 50396 | Yippie! Starting the client 8 again 🥳
[2024-06-20 12:39:51,167][flwr][DEBUG] - pid 50396 | Yippie! Starting the client 2 again 🥳
[2024-06-20 12:39:51,318][flwr][DEBUG] - pid 50396 | Yippie! Starting the client 5 again 🥳
[2024-06-20 12:39:51,416][flwr][DEBUG] - pid 50396 | Yippie! Starting the client 7 again 🥳
[2024-06-20 12:39:51,523][flwr][DEBUG] - pid 50396 | Yippie! Starting the client 9 again 🥳
[2024-06-20 12:39:51,573][flwr][DEBUG] - pid 50396 | Yippie! Starting the client 3 again 🥳
[2024-06-20 12:39:54,635][flwr][DEBUG] - pid 50396 | Yippie! Starting the client 2 again 🥳
[2024-06-20 12:39:54,712][flwr][DEBUG] - pid 50396 | Yippie! Starting the client 1 again 🥳
[2024-06-20 12:39:56,188][flwr][DEBUG] - pid 50396 | Yippie! Starting the client 7 again 🥳
[2024-06-20 12:39:56,288][flwr][DEBUG] - pid 50396 | Yippie! Starting the client 6 again 🥳
[2024-06-20 12:39:56,337][flwr][DEBUG] - pid 50396 | Yippie! Starting the client 8 again 🥳
[2024-06-20 12:39:56,410][flwr][DEBUG] - pid 50396 | Yippie! Starting the client 0 again 🥳
[2024-06-20 12:39:57,112][flwr][DEBUG] - pid 50396 | Yippie! Starting the client 5 again 🥳
[2024-06-20 12:39:57,199][flwr][DEBUG] - pid 50396 | Yippie! Starting the client 4 again 🥳
[2024-06-20 12:39:59,932][flwr][DEBUG] - pid 50396 | Yippie! Starting the client 1 again 🥳
[2024-06-20 12:39:59,995][flwr][DEBUG] - pid 50396 | Yippie! Starting the client 3 again 🥳
[2024-06-20 12:40:01,137][flwr][DEBUG] - pid 50396 | Yippie! Starting the client 6 again 🥳
[2024-06-20 12:40:01,224][flwr][DEBUG] - pid 50396 | Yippie! Starting the client 2 again 🥳
[2024-06-20 12:40:03,795][flwr][DEBUG] - pid 50396 | Yippie! Starting the client 0 again 🥳
[2024-06-20 12:40:03,970][flwr][DEBUG] - pid 50396 | Yippie! Starting the client 7 again 🥳
[2024-06-20 12:40:04,055][flwr][DEBUG] - pid 50396 | Yippie! Starting the client 9 again 🥳
[2024-06-20 12:40:04,156][flwr][DEBUG] - pid 50396 | Yippie! Starting the client 8 again 🥳
[2024-06-20 12:40:04,256][flwr][DEBUG] - pid 50396 | Yippie! Starting the client 5 again 🥳
[2024-06-20 12:40:08,523][flwr][DEBUG] - pid 50396 | Yippie! Starting the client 3 again 🥳
[2024-06-20 12:40:10,954][flwr][DEBUG] - pid 50396 | Yippie! Starting the client 6 again 🥳
[2024-06-20 12:40:11,061][flwr][DEBUG] - pid 50396 | Yippie! Starting the client 1 again 🥳
[2024-06-20 12:40:15,052][flwr][DEBUG] - pid 50396 | Yippie! Starting the client 8 again 🥳
[2024-06-20 12:40:15,129][flwr][DEBUG] - pid 50396 | Yippie! Starting the client 2 again 🥳
[2024-06-20 12:40:15,299][flwr][DEBUG] - pid 50396 | Yippie! Starting the client 4 again 🥳
[2024-06-20 12:40:15,441][flwr][DEBUG] - pid 50396 | Yippie! Starting the client 9 again 🥳
[2024-06-20 12:40:15,539][flwr][DEBUG] - pid 50396 | Yippie! Starting the client 0 again 🥳
[2024-06-20 12:40:16,972][flwr][DEBUG] - pid 50396 | Yippie! Starting the client 5 again 🥳
[2024-06-20 12:40:21,209][flwr][DEBUG] - pid 50396 | Yippie! Starting the client 9 again 🥳
[2024-06-20 12:40:21,325][flwr][DEBUG] - pid 50396 | Yippie! Starting the client 3 again 🥳
[2024-06-20 12:40:24,096][flwr][DEBUG] - pid 50396 | Yippie! Starting the client 4 again 🥳
[2024-06-20 12:40:24,188][flwr][DEBUG] - pid 50396 | Yippie! Starting the client 7 again 🥳
[2024-06-20 12:40:24,253][flwr][DEBUG] - pid 50396 | Yippie! Starting the client 2 again 🥳
[2024-06-20 12:40:24,347][flwr][DEBUG] - pid 50396 | Yippie! Starting the client 1 again 🥳
[2024-06-20 12:40:24,427][flwr][DEBUG] - pid 50396 | Yippie! Starting the client 8 again 🥳
[2024-06-20 12:40:24,494][flwr][DEBUG] - pid 50396 | Yippie! Starting the client 6 again 🥳
[2024-06-20 12:40:24,558][flwr][DEBUG] - pid 50396 | Yippie! Starting the client 0 again 🥳
[2024-06-20 12:40:24,650][flwr][DEBUG] - pid 50396 | Yippie! Starting the client 9 again 🥳
[2024-06-20 12:40:26,258][flwr][DEBUG] - pid 50396 | Yippie! Starting the client 3 again 🥳
[2024-06-20 12:40:28,613][flwr][DEBUG] - pid 50396 | Yippie! Starting the client 7 again 🥳
[2024-06-20 12:40:29,600][flwr][DEBUG] - pid 50396 | Yippie! Starting the client 2 again 🥳
[2024-06-20 12:40:32,015][flwr][DEBUG] - pid 50396 | Yippie! Starting the client 8 again 🥳
[2024-06-20 12:40:34,623][flwr][DEBUG] - pid 50396 | Yippie! Starting the client 6 again 🥳
[2024-06-20 12:40:34,725][flwr][DEBUG] - pid 50396 | Yippie! Starting the client 5 again 🥳
[2024-06-20 12:40:36,234][flwr][DEBUG] - pid 50396 | Yippie! Starting the client 3 again 🥳
[2024-06-20 12:40:37,358][flwr][DEBUG] - pid 50396 | Yippie! Starting the client 7 again 🥳
[2024-06-20 12:40:37,450][flwr][DEBUG] - pid 50396 | Yippie! Starting the client 0 again 🥳
[2024-06-20 12:40:37,531][flwr][DEBUG] - pid 50396 | Yippie! Starting the client 1 again 🥳
[2024-06-20 12:40:41,384][flwr][DEBUG] - pid 50396 | Yippie! Starting the client 6 again 🥳
[2024-06-20 12:40:41,467][flwr][DEBUG] - pid 50396 | Yippie! Starting the client 4 again 🥳
[2024-06-20 12:40:41,567][flwr][DEBUG] - pid 50396 | Yippie! Starting the client 2 again 🥳
[2024-06-20 12:40:41,659][flwr][DEBUG] - pid 50396 | Yippie! Starting the client 9 again 🥳
[2024-06-20 12:40:41,750][flwr][DEBUG] - pid 50396 | Yippie! Starting the client 8 again 🥳
[2024-06-20 12:40:50,456][flwr][DEBUG] - pid 50396 | Yippie! Starting the client 4 again 🥳
[2024-06-20 12:40:50,554][flwr][DEBUG] - pid 50396 | Yippie! Starting the client 7 again 🥳
[2024-06-20 12:40:50,559][flwr][DEBUG] - pid 50396 | Yippie! Starting the client 1 again 🥳
[2024-06-20 12:40:50,670][flwr][DEBUG] - pid 50396 | Yippie! Starting the client 5 again 🥳
[2024-06-20 12:40:50,782][flwr][DEBUG] - pid 50396 | Yippie! Starting the client 9 again 🥳
[2024-06-20 12:40:50,868][flwr][DEBUG] - pid 50396 | Yippie! Starting the client 6 again 🥳
[2024-06-20 12:40:50,894][flwr][DEBUG] - pid 50396 | Yippie! Starting the client 2 again 🥳
[2024-06-20 12:40:57,579][flwr][DEBUG] - pid 50396 | Yippie! Starting the client 5 again 🥳
[2024-06-20 12:40:57,671][flwr][DEBUG] - pid 50396 | Yippie! Starting the client 8 again 🥳
[2024-06-20 12:40:57,767][flwr][DEBUG] - pid 50396 | Yippie! Starting the client 3 again 🥳
[2024-06-20 12:40:57,844][flwr][DEBUG] - pid 50396 | Yippie! Starting the client 4 again 🥳
[2024-06-20 12:40:57,944][flwr][DEBUG] - pid 50396 | Yippie! Starting the client 0 again 🥳
[2024-06-20 12:40:58,027][flwr][DEBUG] - pid 50396 | Yippie! Starting the client 9 again 🥳
[2024-06-20 12:41:01,240][flwr][DEBUG] - pid 50396 | Yippie! Starting the client 5 again 🥳
[2024-06-20 12:41:01,319][flwr][DEBUG] - pid 50396 | Yippie! Starting the client 7 again 🥳
[2024-06-20 12:41:02,387][flwr][DEBUG] - pid 50396 | Yippie! Starting the client 3 again 🥳
[2024-06-20 12:41:02,547][flwr][DEBUG] - pid 50396 | Yippie! Starting the client 1 again 🥳
[2024-06-20 12:41:02,643][flwr][DEBUG] - pid 50396 | Yippie! Starting the client 6 again 🥳
[2024-06-20 12:41:10,555][flwr][DEBUG] - pid 50396 | Yippie! Starting the client 1 again 🥳
[2024-06-20 12:41:10,679][flwr][DEBUG] - pid 50396 | Yippie! Starting the client 2 again 🥳
[2024-06-20 12:41:10,868][flwr][DEBUG] - pid 50396 | Yippie! Starting the client 8 again 🥳
[2024-06-20 12:41:11,060][flwr][DEBUG] - pid 50396 | Yippie! Starting the client 3 again 🥳
[2024-06-20 12:41:11,108][flwr][DEBUG] - pid 50396 | Yippie! Starting the client 4 again 🥳
[2024-06-20 12:41:11,159][flwr][DEBUG] - pid 50396 | Yippie! Starting the client 7 again 🥳
[2024-06-20 12:41:11,268][flwr][DEBUG] - pid 50396 | Yippie! Starting the client 0 again 🥳
[2024-06-20 12:41:11,296][flwr][DEBUG] - pid 50396 | Yippie! Starting the client 9 again 🥳
[2024-06-20 12:41:17,376][flwr][DEBUG] - pid 50396 | Yippie! Starting the client 0 again 🥳
[2024-06-20 12:41:17,421][flwr][DEBUG] - pid 50396 | Yippie! Starting the client 5 again 🥳
[2024-06-20 12:41:17,535][flwr][DEBUG] - pid 50396 | Yippie! Starting the client 9 again 🥳
[2024-06-20 12:41:17,613][flwr][DEBUG] - pid 50396 | Yippie! Starting the client 8 again 🥳
[2024-06-20 12:41:17,708][flwr][DEBUG] - pid 50396 | Yippie! Starting the client 1 again 🥳
[2024-06-20 12:41:17,828][flwr][DEBUG] - pid 50396 | Yippie! Starting the client 6 again 🥳
[2024-06-20 12:41:17,966][flwr][DEBUG] - pid 50396 | Yippie! Starting the client 2 again 🥳
[2024-06-20 12:41:18,054][flwr][DEBUG] - pid 50396 | Yippie! Starting the client 7 again 🥳
[2024-06-20 12:41:24,495][flwr][DEBUG] - pid 50396 | Yippie! Starting the client 2 again 🥳
[2024-06-20 12:41:24,643][flwr][DEBUG] - pid 50396 | Yippie! Starting the client 3 again 🥳
[2024-06-20 12:41:25,015][flwr][DEBUG] - pid 50396 | Yippie! Starting the client 6 again 🥳
[2024-06-20 12:41:25,097][flwr][DEBUG] - pid 50396 | Yippie! Starting the client 0 again 🥳
[2024-06-20 12:41:25,182][flwr][DEBUG] - pid 50396 | Yippie! Starting the client 4 again 🥳
[2024-06-20 12:41:25,259][flwr][DEBUG] - pid 50396 | Yippie! Starting the client 5 again 🥳
[2024-06-20 12:41:25,341][flwr][DEBUG] - pid 50396 | Yippie! Starting the client 9 again 🥳
[2024-06-20 12:41:25,397][flwr][DEBUG] - pid 50396 | Yippie! Starting the client 8 again 🥳
[2024-06-20 12:41:26,653][flwr][DEBUG] - pid 50396 | Yippie! Starting the client 2 again 🥳
[2024-06-20 12:41:27,503][flwr][DEBUG] - pid 50396 | Yippie! Starting the client 3 again 🥳
[2024-06-20 12:41:31,895][flwr][DEBUG] - pid 50396 | Yippie! Starting the client 4 again 🥳
[2024-06-20 12:41:32,017][flwr][DEBUG] - pid 50396 | Yippie! Starting the client 5 again 🥳
[2024-06-20 12:41:32,155][flwr][DEBUG] - pid 50396 | Yippie! Starting the client 1 again 🥳
[2024-06-20 12:41:32,280][flwr][DEBUG] - pid 50396 | Yippie! Starting the client 6 again 🥳
[2024-06-20 12:41:32,336][flwr][DEBUG] - pid 50396 | Yippie! Starting the client 9 again 🥳
[2024-06-20 12:41:32,397][flwr][DEBUG] - pid 50396 | Yippie! Starting the client 7 again 🥳
[2024-06-20 12:41:32,503][flwr][DEBUG] - pid 50396 | Yippie! Starting the client 0 again 🥳
[2024-06-20 12:41:34,203][flwr][DEBUG] - pid 50396 | Yippie! Starting the client 8 again 🥳
[2024-06-20 12:41:34,675][flwr][DEBUG] - pid 50396 | Yippie! Starting the client 3 again 🥳
[2024-06-20 12:41:34,733][flwr][DEBUG] - pid 50396 | Yippie! Starting the client 2 again 🥳
[2024-06-20 12:41:40,317][flwr][DEBUG] - pid 50396 | Yippie! Starting the client 1 again 🥳
[2024-06-20 12:41:41,863][flwr][DEBUG] - pid 50396 | Yippie! Starting the client 7 again 🥳
[2024-06-20 12:41:41,977][flwr][DEBUG] - pid 50396 | Yippie! Starting the client 9 again 🥳
[2024-06-20 12:41:42,067][flwr][DEBUG] - pid 50396 | Yippie! Starting the client 6 again 🥳
[2024-06-20 12:41:42,160][flwr][DEBUG] - pid 50396 | Yippie! Starting the client 5 again 🥳
[2024-06-20 12:41:47,502][flwr][DEBUG] - pid 50396 | Yippie! Starting the client 7 again 🥳
[2024-06-20 12:41:47,619][flwr][DEBUG] - pid 50396 | Yippie! Starting the client 4 again 🥳
[2024-06-20 12:41:47,731][flwr][DEBUG] - pid 50396 | Yippie! Starting the client 0 again 🥳
[2024-06-20 12:41:47,822][flwr][DEBUG] - pid 50396 | Yippie! Starting the client 2 again 🥳
[2024-06-20 12:41:47,900][flwr][DEBUG] - pid 50396 | Yippie! Starting the client 8 again 🥳
[2024-06-20 12:41:47,957][flwr][DEBUG] - pid 50396 | Yippie! Starting the client 3 again 🥳
[2024-06-20 12:41:50,940][flwr][DEBUG] - pid 50396 | Yippie! Starting the client 6 again 🥳
[2024-06-20 12:41:55,921][flwr][DEBUG] - pid 50396 | Yippie! Starting the client 8 again 🥳
[2024-06-20 12:41:56,000][flwr][DEBUG] - pid 50396 | Yippie! Starting the client 7 again 🥳
[2024-06-20 12:41:56,058][flwr][DEBUG] - pid 50396 | Yippie! Starting the client 1 again 🥳
[2024-06-20 12:41:56,160][flwr][DEBUG] - pid 50396 | Yippie! Starting the client 9 again 🥳
[2024-06-20 12:41:56,223][flwr][DEBUG] - pid 50396 | Yippie! Starting the client 4 again 🥳
[2024-06-20 12:41:56,321][flwr][DEBUG] - pid 50396 | Yippie! Starting the client 5 again 🥳
[2024-06-20 12:42:02,655][flwr][INFO] - FL finished
[2024-06-20 12:42:02,655][flwr][INFO] - FL finished in 203.39791297912598
[2024-06-20 12:42:02,655][flwr][INFO] - app_fit: losses_distributed []
[2024-06-20 12:42:02,656][flwr][INFO] - app_fit: metrics_distributed_fit {}
[2024-06-20 12:42:02,656][flwr][INFO] - app_fit: metrics_distributed {}
[2024-06-20 12:42:02,656][flwr][INFO] - app_fit: losses_centralized [(1718879919.2573519, 193.3462872505188), (0, 193.34586477279663), (5, 174.3919825553894), (10, 165.17066836357117), (15, 132.3780653476715), (20, 128.10204339027405), (25, 108.27594888210297), (35, 83.06050205230713), (40, 71.81077861785889), (45, 64.26172977685928), (50, 60.74836850166321), (55, 61.850494027137756), (60, 61.15095496177673), (70, 52.69767874479294), (75, 51.7796593606472), (80, 50.22444733977318), (85, 44.50134885311127), (95, 44.740904688835144), (100, 45.25800237059593), (105, 42.006434857845306), (110, 39.23270916938782), (115, 40.058324843645096), (125, 38.87182769179344), (130, 37.80700343847275), (140, 36.15151686966419), (145, 35.75713285803795), (155, 34.88428112864494), (160, 35.04177516698837), (165, 34.81007266044617), (170, 34.68725937604904), (175, 34.751044660806656)]
[2024-06-20 12:42:02,657][flwr][INFO] - app_fit: metrics_centralized {'accuracy': [(1718879919.2573612, 0.0896), (0, 0.0896), (5, 0.3454), (10, 0.4379), (15, 0.5761), (20, 0.5745), (25, 0.6606), (35, 0.7029), (40, 0.7338), (45, 0.7521), (50, 0.75), (55, 0.7533), (60, 0.7578), (70, 0.7712), (75, 0.8081), (80, 0.7982), (85, 0.8155), (95, 0.8117), (100, 0.8282), (105, 0.8408), (110, 0.8529), (115, 0.8566), (125, 0.862), (130, 0.864), (140, 0.8619), (145, 0.8691), (155, 0.8754), (160, 0.8737), (165, 0.8761), (170, 0.8753), (175, 0.8787)], 'end_timestamp': [(0, 1718880259.2574532), (5, 1718880259.2574532), (10, 1718880259.2574532), (15, 1718880259.2574532), (20, 1718880259.2574532), (25, 1718880259.2574532), (35, 1718880259.2574532), (40, 1718880259.2574532), (45, 1718880259.2574532), (50, 1718880259.2574532), (55, 1718880259.2574532), (60, 1718880259.2574532), (70, 1718880259.2574532), (75, 1718880259.2574532), (80, 1718880259.2574532), (85, 1718880259.2574532), (95, 1718880259.2574532), (100, 1718880259.2574532), (105, 1718880259.2574532), (110, 1718880259.2574532), (115, 1718880259.2574532), (125, 1718880259.2574532), (130, 1718880259.2574532), (140, 1718880259.2574532), (145, 1718880259.2574532), (155, 1718880259.2574532), (160, 1718880259.2574532), (165, 1718880259.2574532), (170, 1718880259.2574532), (175, 1718880259.2574532)], 'start_timestamp': [(0, 1718879919.2574582), (5, 1718879919.2574582), (10, 1718879919.2574582), (15, 1718879919.2574582), (20, 1718879919.2574582), (25, 1718879919.2574582), (35, 1718879919.2574582), (40, 1718879919.2574582), (45, 1718879919.2574582), (50, 1718879919.2574582), (55, 1718879919.2574582), (60, 1718879919.2574582), (70, 1718879919.2574582), (75, 1718879919.2574582), (80, 1718879919.2574582), (85, 1718879919.2574582), (95, 1718879919.2574582), (100, 1718879919.2574582), (105, 1718879919.2574582), (110, 1718879919.2574582), (115, 1718879919.2574582), (125, 1718879919.2574582), (130, 1718879919.2574582), (140, 1718879919.2574582), (145, 1718879919.2574582), (155, 1718879919.2574582), (160, 1718879919.2574582), (165, 1718879919.2574582), (170, 1718879919.2574582), (175, 1718879919.2574582)]}
