[2024-06-22 17:13:18,832][flwr][INFO] - Using seed 1719069198 for client dataset permutation
[2024-06-22 17:13:18,832][flwr][INFO] - Using seed 123456 for dataset partition
[2024-06-22 17:13:18,844][flwr][INFO] - Client dataset sizes:
[2024-06-22 17:13:19,901][flwr][INFO] - Client 0 has 8993 training samples with label distribution: {0: 195, 1: 4277, 2: 486, 3: 1, 4: 2921, 5: 18, 6: 1090, 7: 5}
[2024-06-22 17:13:20,627][flwr][INFO] - Client 1 has 6254 training samples with label distribution: {0: 320, 2: 1962, 4: 379, 7: 3593}
[2024-06-22 17:13:20,834][flwr][INFO] - Client 2 has 1787 training samples with label distribution: {1: 98, 4: 1150, 5: 1, 7: 538}
[2024-06-22 17:13:21,200][flwr][INFO] - Client 3 has 3148 training samples with label distribution: {0: 8, 1: 5, 2: 2138, 3: 184, 7: 1, 8: 758, 9: 54}
[2024-06-22 17:13:22,553][flwr][INFO] - Client 4 has 11700 training samples with label distribution: {0: 583, 1: 1661, 2: 760, 3: 1126, 4: 621, 5: 1858, 6: 4211, 7: 880}
[2024-06-22 17:13:23,322][flwr][INFO] - Client 5 has 6653 training samples with label distribution: {0: 2033, 3: 3494, 4: 120, 5: 122, 6: 15, 7: 50, 8: 111, 9: 708}
[2024-06-22 17:13:24,210][flwr][INFO] - Client 6 has 7718 training samples with label distribution: {0: 1100, 1: 26, 2: 2, 3: 563, 4: 72, 5: 1496, 6: 6, 7: 337, 8: 166, 9: 3950}
[2024-06-22 17:13:24,613][flwr][INFO] - Client 7 has 3481 training samples with label distribution: {0: 1101, 1: 1, 2: 1, 3: 154, 4: 9, 5: 1117, 7: 232, 8: 476, 9: 390}
[2024-06-22 17:13:25,090][flwr][INFO] - Client 8 has 4145 training samples with label distribution: {0: 10, 3: 5, 5: 242, 7: 4, 8: 3724, 9: 160}
[2024-06-22 17:13:25,104][flwr][INFO] - Client 9 has 121 training samples with label distribution: {5: 28, 8: 17, 9: 76}
[2024-06-22 17:13:27,723][flwr][INFO] - Testloader has 84 test samples with label distribution: {0: 980, 1: 1135, 2: 1032, 3: 1010, 4: 982, 5: 892, 6: 958, 7: 1028, 8: 974, 9: 1009}
[2024-06-22 17:13:27,724][flwr][WARNING] - 
Setting `min_available_clients` lower than `min_fit_clients` or
`min_evaluate_clients` can cause the server to fail when there are too few clients
connected to the server. `min_available_clients` must be set to a value larger
than or equal to the values of `min_fit_clients` and `min_evaluate_clients`.

[2024-06-22 17:13:27,725][flwr][INFO] - Starting Flower simulation, config: ServerConfig(num_rounds=1, round_timeout=None)
[2024-06-22 17:13:30,091][flwr][INFO] - Flower VCE: Ray initialized with resources: {'node:__internal_head__': 1.0, 'node:145.94.238.25': 1.0, 'CPU': 8.0, 'memory': 8535343104.0, 'object_store_memory': 4267671552.0}
[2024-06-22 17:13:30,091][flwr][INFO] - Initializing global parameters
[2024-06-22 17:13:30,091][flwr][INFO] - Requesting initial parameters from one random client
[2024-06-22 17:13:31,677][flwr][INFO] - Received initial parameters from one random client
[2024-06-22 17:13:31,677][flwr][INFO] - Evaluating initial parameters
[2024-06-22 17:13:32,590][flwr][INFO] - initial parameters (loss, other metrics): 194.50854563713074, {'accuracy': 0.0467}
[2024-06-22 17:13:32,590][flwr][INFO] - FL starting
[2024-06-22 17:13:32,591][flwr][DEBUG] - fit_round 0: strategy sampled 10 clients (out of 10)
[2024-06-22 17:13:47,262][flwr][DEBUG] - pid 9966 | Yippie! Starting the client 2 again 🥳
[2024-06-22 17:13:51,262][flwr][DEBUG] - pid 9966 | Yippie! Starting the client 1 again 🥳
[2024-06-22 17:13:51,333][flwr][DEBUG] - pid 9966 | Yippie! Starting the client 0 again 🥳
[2024-06-22 17:13:51,446][flwr][DEBUG] - pid 9966 | Yippie! Starting the client 6 again 🥳
[2024-06-22 17:13:51,575][flwr][DEBUG] - pid 9966 | Yippie! Starting the client 3 again 🥳
[2024-06-22 17:13:51,630][flwr][DEBUG] - pid 9966 | Yippie! Starting the client 4 again 🥳
[2024-06-22 17:13:56,555][flwr][DEBUG] - pid 9966 | Yippie! Starting the client 0 again 🥳
[2024-06-22 17:13:56,628][flwr][DEBUG] - pid 9966 | Yippie! Starting the client 1 again 🥳
[2024-06-22 17:13:56,682][flwr][DEBUG] - pid 9966 | Yippie! Starting the client 7 again 🥳
[2024-06-22 17:13:56,759][flwr][DEBUG] - pid 9966 | Yippie! Starting the client 8 again 🥳
[2024-06-22 17:14:00,407][flwr][DEBUG] - pid 9966 | Yippie! Starting the client 4 again 🥳
[2024-06-22 17:14:00,586][flwr][DEBUG] - pid 9966 | Yippie! Starting the client 5 again 🥳
[2024-06-22 17:14:05,724][flwr][DEBUG] - pid 9966 | Yippie! Starting the client 5 again 🥳
[2024-06-22 17:14:05,926][flwr][DEBUG] - pid 9966 | Yippie! Starting the client 3 again 🥳
[2024-06-22 17:14:06,105][flwr][DEBUG] - pid 9966 | Yippie! Starting the client 7 again 🥳
[2024-06-22 17:14:06,159][flwr][DEBUG] - pid 9966 | Yippie! Starting the client 2 again 🥳
[2024-06-22 17:14:06,250][flwr][DEBUG] - pid 9966 | Yippie! Starting the client 6 again 🥳
[2024-06-22 17:14:06,331][flwr][DEBUG] - pid 9966 | Yippie! Starting the client 9 again 🥳
[2024-06-22 17:14:06,413][flwr][DEBUG] - pid 9966 | Yippie! Starting the client 0 again 🥳
[2024-06-22 17:14:06,436][flwr][DEBUG] - pid 9966 | Yippie! Starting the client 1 again 🥳
[2024-06-22 17:14:10,085][flwr][DEBUG] - pid 9966 | Yippie! Starting the client 9 again 🥳
[2024-06-22 17:14:10,142][flwr][DEBUG] - pid 9966 | Yippie! Starting the client 3 again 🥳
[2024-06-22 17:14:11,529][flwr][DEBUG] - pid 9966 | Yippie! Starting the client 6 again 🥳
[2024-06-22 17:14:11,553][flwr][DEBUG] - pid 9966 | Yippie! Starting the client 8 again 🥳
[2024-06-22 17:14:11,634][flwr][DEBUG] - pid 9966 | Yippie! Starting the client 4 again 🥳
[2024-06-22 17:14:13,074][flwr][DEBUG] - pid 9966 | Yippie! Starting the client 9 again 🥳
[2024-06-22 17:14:13,114][flwr][DEBUG] - pid 9966 | Yippie! Starting the client 5 again 🥳
[2024-06-22 17:14:14,917][flwr][DEBUG] - pid 9966 | Yippie! Starting the client 8 again 🥳
[2024-06-22 17:14:15,043][flwr][DEBUG] - pid 9966 | Yippie! Starting the client 1 again 🥳
[2024-06-22 17:14:15,150][flwr][DEBUG] - pid 9966 | Yippie! Starting the client 2 again 🥳
[2024-06-22 17:14:22,286][flwr][DEBUG] - pid 9966 | Yippie! Starting the client 2 again 🥳
[2024-06-22 17:14:22,394][flwr][DEBUG] - pid 9966 | Yippie! Starting the client 0 again 🥳
[2024-06-22 17:14:22,542][flwr][DEBUG] - pid 9966 | Yippie! Starting the client 7 again 🥳
[2024-06-22 17:14:22,660][flwr][DEBUG] - pid 9966 | Yippie! Starting the client 5 again 🥳
[2024-06-22 17:14:22,698][flwr][DEBUG] - pid 9966 | Yippie! Starting the client 3 again 🥳
[2024-06-22 17:14:22,855][flwr][DEBUG] - pid 9966 | Yippie! Starting the client 8 again 🥳
[2024-06-22 17:14:25,358][flwr][DEBUG] - pid 9966 | Yippie! Starting the client 7 again 🥳
[2024-06-22 17:14:27,248][flwr][DEBUG] - pid 9966 | Yippie! Starting the client 0 again 🥳
[2024-06-22 17:14:27,358][flwr][DEBUG] - pid 9966 | Yippie! Starting the client 6 again 🥳
[2024-06-22 17:14:27,489][flwr][DEBUG] - pid 9966 | Yippie! Starting the client 4 again 🥳
[2024-06-22 17:14:27,570][flwr][DEBUG] - pid 9966 | Yippie! Starting the client 2 again 🥳
[2024-06-22 17:14:29,278][flwr][DEBUG] - pid 9966 | Yippie! Starting the client 3 again 🥳
[2024-06-22 17:14:29,479][flwr][DEBUG] - pid 9966 | Yippie! Starting the client 9 again 🥳
[2024-06-22 17:14:29,592][flwr][DEBUG] - pid 9966 | Yippie! Starting the client 5 again 🥳
[2024-06-22 17:14:36,630][flwr][DEBUG] - pid 9966 | Yippie! Starting the client 4 again 🥳
[2024-06-22 17:14:36,732][flwr][DEBUG] - pid 9966 | Yippie! Starting the client 6 again 🥳
[2024-06-22 17:14:36,802][flwr][DEBUG] - pid 9966 | Yippie! Starting the client 7 again 🥳
[2024-06-22 17:14:36,891][flwr][DEBUG] - pid 9966 | Yippie! Starting the client 1 again 🥳
[2024-06-22 17:14:36,964][flwr][DEBUG] - pid 9966 | Yippie! Starting the client 0 again 🥳
[2024-06-22 17:14:37,035][flwr][DEBUG] - pid 9966 | Yippie! Starting the client 9 again 🥳
[2024-06-22 17:14:44,205][flwr][DEBUG] - pid 9966 | Yippie! Starting the client 1 again 🥳
[2024-06-22 17:14:44,298][flwr][DEBUG] - pid 9966 | Yippie! Starting the client 8 again 🥳
[2024-06-22 17:14:44,398][flwr][DEBUG] - pid 9966 | Yippie! Starting the client 5 again 🥳
[2024-06-22 17:14:44,505][flwr][DEBUG] - pid 9966 | Yippie! Starting the client 3 again 🥳
[2024-06-22 17:14:44,578][flwr][DEBUG] - pid 9966 | Yippie! Starting the client 6 again 🥳
[2024-06-22 17:14:47,638][flwr][DEBUG] - pid 9966 | Yippie! Starting the client 8 again 🥳
[2024-06-22 17:14:47,757][flwr][DEBUG] - pid 9966 | Yippie! Starting the client 9 again 🥳
[2024-06-22 17:14:47,876][flwr][DEBUG] - pid 9966 | Yippie! Starting the client 7 again 🥳
[2024-06-22 17:14:47,977][flwr][DEBUG] - pid 9966 | Yippie! Starting the client 1 again 🥳
[2024-06-22 17:14:48,087][flwr][DEBUG] - pid 9966 | Yippie! Starting the client 4 again 🥳
[2024-06-22 17:14:48,178][flwr][DEBUG] - pid 9966 | Yippie! Starting the client 2 again 🥳
[2024-06-22 17:14:56,203][flwr][DEBUG] - pid 9966 | Yippie! Starting the client 4 again 🥳
[2024-06-22 17:14:56,313][flwr][DEBUG] - pid 9966 | Yippie! Starting the client 3 again 🥳
[2024-06-22 17:14:56,435][flwr][DEBUG] - pid 9966 | Yippie! Starting the client 2 again 🥳
[2024-06-22 17:14:56,544][flwr][DEBUG] - pid 9966 | Yippie! Starting the client 7 again 🥳
[2024-06-22 17:14:56,634][flwr][DEBUG] - pid 9966 | Yippie! Starting the client 0 again 🥳
[2024-06-22 17:15:02,440][flwr][DEBUG] - pid 9966 | Yippie! Starting the client 0 again 🥳
[2024-06-22 17:15:02,542][flwr][DEBUG] - pid 9966 | Yippie! Starting the client 5 again 🥳
[2024-06-22 17:15:02,665][flwr][DEBUG] - pid 9966 | Yippie! Starting the client 9 again 🥳
[2024-06-22 17:15:02,817][flwr][DEBUG] - pid 9966 | Yippie! Starting the client 8 again 🥳
[2024-06-22 17:15:02,883][flwr][DEBUG] - pid 9966 | Yippie! Starting the client 6 again 🥳
[2024-06-22 17:15:02,973][flwr][DEBUG] - pid 9966 | Yippie! Starting the client 3 again 🥳
[2024-06-22 17:15:05,882][flwr][DEBUG] - pid 9966 | Yippie! Starting the client 5 again 🥳
[2024-06-22 17:15:06,032][flwr][DEBUG] - pid 9966 | Yippie! Starting the client 4 again 🥳
[2024-06-22 17:15:06,179][flwr][DEBUG] - pid 9966 | Yippie! Starting the client 1 again 🥳
[2024-06-22 17:15:09,338][flwr][DEBUG] - pid 9966 | Yippie! Starting the client 6 again 🥳
[2024-06-22 17:15:09,475][flwr][DEBUG] - pid 9966 | Yippie! Starting the client 2 again 🥳
[2024-06-22 17:15:13,571][flwr][DEBUG] - pid 9966 | Yippie! Starting the client 1 again 🥳
[2024-06-22 17:15:13,688][flwr][DEBUG] - pid 9966 | Yippie! Starting the client 0 again 🥳
[2024-06-22 17:15:14,521][flwr][DEBUG] - pid 9966 | Yippie! Starting the client 2 again 🥳
[2024-06-22 17:15:14,612][flwr][DEBUG] - pid 9966 | Yippie! Starting the client 7 again 🥳
[2024-06-22 17:15:14,708][flwr][DEBUG] - pid 9966 | Yippie! Starting the client 9 again 🥳
[2024-06-22 17:15:14,808][flwr][DEBUG] - pid 9966 | Yippie! Starting the client 3 again 🥳
[2024-06-22 17:15:14,890][flwr][DEBUG] - pid 9966 | Yippie! Starting the client 5 again 🥳
[2024-06-22 17:15:16,976][flwr][DEBUG] - pid 9966 | Yippie! Starting the client 6 again 🥳
[2024-06-22 17:15:17,056][flwr][DEBUG] - pid 9966 | Yippie! Starting the client 8 again 🥳
[2024-06-22 17:15:21,199][flwr][DEBUG] - pid 9966 | Yippie! Starting the client 0 again 🥳
[2024-06-22 17:15:25,138][flwr][DEBUG] - pid 9966 | Yippie! Starting the client 8 again 🥳
[2024-06-22 17:15:25,227][flwr][DEBUG] - pid 9966 | Yippie! Starting the client 7 again 🥳
[2024-06-22 17:15:25,309][flwr][DEBUG] - pid 9966 | Yippie! Starting the client 4 again 🥳
[2024-06-22 17:15:25,410][flwr][DEBUG] - pid 9966 | Yippie! Starting the client 9 again 🥳
[2024-06-22 17:15:25,411][flwr][DEBUG] - pid 9966 | Yippie! Starting the client 2 again 🥳
[2024-06-22 17:15:25,529][flwr][DEBUG] - pid 9966 | Yippie! Starting the client 1 again 🥳
[2024-06-22 17:15:25,605][flwr][DEBUG] - pid 9966 | Yippie! Starting the client 5 again 🥳
[2024-06-22 17:15:27,908][flwr][DEBUG] - pid 9966 | Yippie! Starting the client 8 again 🥳
[2024-06-22 17:15:32,664][flwr][DEBUG] - pid 9966 | Yippie! Starting the client 4 again 🥳
[2024-06-22 17:15:32,763][flwr][DEBUG] - pid 9966 | Yippie! Starting the client 7 again 🥳
[2024-06-22 17:15:32,886][flwr][DEBUG] - pid 9966 | Yippie! Starting the client 3 again 🥳
[2024-06-22 17:15:32,956][flwr][DEBUG] - pid 9966 | Yippie! Starting the client 9 again 🥳
[2024-06-22 17:15:33,018][flwr][DEBUG] - pid 9966 | Yippie! Starting the client 6 again 🥳
[2024-06-22 17:15:38,509][flwr][DEBUG] - pid 9966 | Yippie! Starting the client 3 again 🥳
[2024-06-22 17:15:39,347][flwr][DEBUG] - pid 9966 | Yippie! Starting the client 4 again 🥳
[2024-06-22 17:15:39,440][flwr][DEBUG] - pid 9966 | Yippie! Starting the client 1 again 🥳
[2024-06-22 17:15:39,565][flwr][DEBUG] - pid 9966 | Yippie! Starting the client 0 again 🥳
[2024-06-22 17:15:39,666][flwr][DEBUG] - pid 9966 | Yippie! Starting the client 5 again 🥳
[2024-06-22 17:15:42,139][flwr][DEBUG] - pid 9966 | Yippie! Starting the client 6 again 🥳
[2024-06-22 17:15:42,244][flwr][DEBUG] - pid 9966 | Yippie! Starting the client 2 again 🥳
[2024-06-22 17:15:47,901][flwr][DEBUG] - pid 9966 | Yippie! Starting the client 0 again 🥳
[2024-06-22 17:15:47,959][flwr][DEBUG] - pid 9966 | Yippie! Starting the client 7 again 🥳
[2024-06-22 17:15:48,166][flwr][DEBUG] - pid 9966 | Yippie! Starting the client 3 again 🥳
[2024-06-22 17:15:48,236][flwr][DEBUG] - pid 9966 | Yippie! Starting the client 4 again 🥳
[2024-06-22 17:15:48,284][flwr][DEBUG] - pid 9966 | Yippie! Starting the client 5 again 🥳
[2024-06-22 17:15:48,397][flwr][DEBUG] - pid 9966 | Yippie! Starting the client 8 again 🥳
[2024-06-22 17:15:51,826][flwr][DEBUG] - pid 9966 | Yippie! Starting the client 6 again 🥳
[2024-06-22 17:15:51,924][flwr][DEBUG] - pid 9966 | Yippie! Starting the client 2 again 🥳
[2024-06-22 17:15:51,983][flwr][DEBUG] - pid 9966 | Yippie! Starting the client 1 again 🥳
[2024-06-22 17:15:54,988][flwr][DEBUG] - pid 9966 | Yippie! Starting the client 0 again 🥳
[2024-06-22 17:16:02,014][flwr][DEBUG] - pid 9966 | Yippie! Starting the client 1 again 🥳
[2024-06-22 17:16:02,093][flwr][DEBUG] - pid 9966 | Yippie! Starting the client 7 again 🥳
[2024-06-22 17:16:02,203][flwr][DEBUG] - pid 9966 | Yippie! Starting the client 3 again 🥳
[2024-06-22 17:16:02,300][flwr][DEBUG] - pid 9966 | Yippie! Starting the client 2 again 🥳
[2024-06-22 17:16:02,364][flwr][DEBUG] - pid 9966 | Yippie! Starting the client 8 again 🥳
[2024-06-22 17:16:02,437][flwr][DEBUG] - pid 9966 | Yippie! Starting the client 5 again 🥳
[2024-06-22 17:16:05,567][flwr][DEBUG] - pid 9966 | Yippie! Starting the client 7 again 🥳
[2024-06-22 17:16:05,632][flwr][DEBUG] - pid 9966 | Yippie! Starting the client 9 again 🥳
[2024-06-22 17:16:05,739][flwr][DEBUG] - pid 9966 | Yippie! Starting the client 4 again 🥳
[2024-06-22 17:16:10,237][flwr][DEBUG] - pid 9966 | Yippie! Starting the client 9 again 🥳
[2024-06-22 17:16:10,718][flwr][DEBUG] - pid 9966 | Yippie! Starting the client 9 again 🥳
[2024-06-22 17:16:10,873][flwr][DEBUG] - pid 9966 | Yippie! Starting the client 8 again 🥳
[2024-06-22 17:16:10,986][flwr][DEBUG] - pid 9966 | Yippie! Starting the client 3 again 🥳
[2024-06-22 17:16:11,081][flwr][DEBUG] - pid 9966 | Yippie! Starting the client 0 again 🥳
[2024-06-22 17:16:11,142][flwr][DEBUG] - pid 9966 | Yippie! Starting the client 2 again 🥳
[2024-06-22 17:16:11,196][flwr][DEBUG] - pid 9966 | Yippie! Starting the client 1 again 🥳
[2024-06-22 17:16:11,251][flwr][DEBUG] - pid 9966 | Yippie! Starting the client 6 again 🥳
[2024-06-22 17:16:18,909][flwr][DEBUG] - pid 9966 | Yippie! Starting the client 6 again 🥳
[2024-06-22 17:16:18,991][flwr][DEBUG] - pid 9966 | Yippie! Starting the client 4 again 🥳
[2024-06-22 17:16:19,053][flwr][DEBUG] - pid 9966 | Yippie! Starting the client 5 again 🥳
[2024-06-22 17:16:19,104][flwr][DEBUG] - pid 9966 | Yippie! Starting the client 8 again 🥳
[2024-06-22 17:16:19,183][flwr][DEBUG] - pid 9966 | Yippie! Starting the client 9 again 🥳
[2024-06-22 17:16:19,270][flwr][DEBUG] - pid 9966 | Yippie! Starting the client 1 again 🥳
[2024-06-22 17:16:19,369][flwr][DEBUG] - pid 9966 | Yippie! Starting the client 7 again 🥳
[2024-06-22 17:16:19,437][flwr][DEBUG] - pid 9966 | Yippie! Starting the client 3 again 🥳
[2024-06-22 17:16:19,536][flwr][DEBUG] - pid 9966 | Yippie! Starting the client 0 again 🥳
[2024-06-22 17:16:24,669][flwr][DEBUG] - pid 9966 | Yippie! Starting the client 4 again 🥳
[2024-06-22 17:16:24,790][flwr][DEBUG] - pid 9966 | Yippie! Starting the client 6 again 🥳
[2024-06-22 17:16:26,733][flwr][DEBUG] - pid 9966 | Yippie! Starting the client 8 again 🥳
[2024-06-22 17:16:28,286][flwr][DEBUG] - pid 9966 | Yippie! Starting the client 7 again 🥳
[2024-06-22 17:16:28,392][flwr][DEBUG] - pid 9966 | Yippie! Starting the client 2 again 🥳
[2024-06-22 17:16:28,497][flwr][DEBUG] - pid 9966 | Yippie! Starting the client 9 again 🥳
[2024-06-22 17:16:35,185][flwr][DEBUG] - pid 9966 | Yippie! Starting the client 2 again 🥳
[2024-06-22 17:16:35,236][flwr][DEBUG] - pid 9966 | Yippie! Starting the client 1 again 🥳
[2024-06-22 17:16:35,331][flwr][DEBUG] - pid 9966 | Yippie! Starting the client 5 again 🥳
[2024-06-22 17:16:35,413][flwr][DEBUG] - pid 9966 | Yippie! Starting the client 3 again 🥳
[2024-06-22 17:16:35,484][flwr][DEBUG] - pid 9966 | Yippie! Starting the client 4 again 🥳
[2024-06-22 17:16:35,567][flwr][DEBUG] - pid 9966 | Yippie! Starting the client 6 again 🥳
[2024-06-22 17:16:39,356][flwr][DEBUG] - pid 9966 | Yippie! Starting the client 5 again 🥳
[2024-06-22 17:16:39,467][flwr][DEBUG] - pid 9966 | Yippie! Starting the client 0 again 🥳
[2024-06-22 17:16:45,251][flwr][DEBUG] - pid 9966 | Yippie! Starting the client 0 again 🥳
[2024-06-22 17:16:45,422][flwr][DEBUG] - pid 9966 | Yippie! Starting the client 8 again 🥳
[2024-06-22 17:16:45,497][flwr][DEBUG] - pid 9966 | Yippie! Starting the client 9 again 🥳
[2024-06-22 17:16:45,551][flwr][DEBUG] - pid 9966 | Yippie! Starting the client 7 again 🥳
[2024-06-22 17:16:45,629][flwr][DEBUG] - pid 9966 | Yippie! Starting the client 2 again 🥳
[2024-06-22 17:16:45,722][flwr][DEBUG] - pid 9966 | Yippie! Starting the client 4 again 🥳
[2024-06-22 17:16:45,770][flwr][DEBUG] - pid 9966 | Yippie! Starting the client 5 again 🥳
[2024-06-22 17:16:45,837][flwr][DEBUG] - pid 9966 | Yippie! Starting the client 1 again 🥳
[2024-06-22 17:16:45,924][flwr][DEBUG] - pid 9966 | Yippie! Starting the client 6 again 🥳
[2024-06-22 17:16:46,026][flwr][DEBUG] - pid 9966 | Yippie! Starting the client 3 again 🥳
[2024-06-22 17:16:54,391][flwr][DEBUG] - pid 9966 | Yippie! Starting the client 1 again 🥳
[2024-06-22 17:16:54,555][flwr][DEBUG] - pid 9966 | Yippie! Starting the client 7 again 🥳
[2024-06-22 17:16:54,652][flwr][DEBUG] - pid 9966 | Yippie! Starting the client 0 again 🥳
[2024-06-22 17:16:54,746][flwr][DEBUG] - pid 9966 | Yippie! Starting the client 9 again 🥳
[2024-06-22 17:16:54,811][flwr][DEBUG] - pid 9966 | Yippie! Starting the client 2 again 🥳
[2024-06-22 17:16:54,872][flwr][DEBUG] - pid 9966 | Yippie! Starting the client 8 again 🥳
[2024-06-22 17:16:54,939][flwr][DEBUG] - pid 9966 | Yippie! Starting the client 5 again 🥳
[2024-06-22 17:16:56,715][flwr][DEBUG] - pid 9966 | Yippie! Starting the client 3 again 🥳
[2024-06-22 17:16:58,260][flwr][DEBUG] - pid 9966 | Yippie! Starting the client 6 again 🥳
[2024-06-22 17:17:02,529][flwr][DEBUG] - pid 9966 | Yippie! Starting the client 8 again 🥳
[2024-06-22 17:17:02,697][flwr][DEBUG] - pid 9966 | Yippie! Starting the client 7 again 🥳
[2024-06-22 17:17:02,842][flwr][DEBUG] - pid 9966 | Yippie! Starting the client 9 again 🥳
[2024-06-22 17:17:02,929][flwr][DEBUG] - pid 9966 | Yippie! Starting the client 4 again 🥳
[2024-06-22 17:17:07,408][flwr][INFO] - FL finished
[2024-06-22 17:17:07,408][flwr][INFO] - FL finished in 214.81726050376892
[2024-06-22 17:17:07,408][flwr][INFO] - app_fit: losses_distributed []
[2024-06-22 17:17:07,408][flwr][INFO] - app_fit: metrics_distributed_fit {}
[2024-06-22 17:17:07,408][flwr][INFO] - app_fit: metrics_distributed {}
[2024-06-22 17:17:07,409][flwr][INFO] - app_fit: losses_centralized [(1719069212.5909479, 194.50854563713074), (0, 194.51323890686035), (5, 169.41852009296417), (15, 87.96558499336243), (30, 70.7432855963707), (35, 86.72836643457413), (40, 57.90728175640106), (45, 47.567199528217316), (55, 41.31783747673035), (60, 38.745525270700455), (65, 34.64249271154404), (70, 37.18731418251991), (75, 30.90467220544815), (80, 33.13861480355263), (85, 27.897342085838318), (90, 25.271273106336594), (95, 25.315249428153038), (100, 24.3084666877985), (105, 23.680394649505615), (110, 23.29020304977894), (115, 22.679546177387238), (120, 23.288552150130272), (125, 22.94954326748848), (130, 22.838852003216743), (135, 22.682103723287582), (145, 22.034335359930992), (150, 22.000577211380005), (160, 21.764401897788048), (170, 21.778048515319824), (175, 21.794788733124733)]
[2024-06-22 17:17:07,409][flwr][INFO] - app_fit: metrics_centralized {'accuracy': [(1719069212.5909593, 0.0467), (0, 0.0467), (5, 0.3642), (15, 0.6705), (30, 0.7646), (35, 0.6891), (40, 0.7515), (45, 0.8017), (55, 0.8443), (60, 0.8574), (65, 0.8673), (70, 0.8447), (75, 0.877), (80, 0.8605), (85, 0.8981), (90, 0.9153), (95, 0.9153), (100, 0.9224), (105, 0.9219), (110, 0.9227), (115, 0.9286), (120, 0.9238), (125, 0.9266), (130, 0.9258), (135, 0.9301), (145, 0.9337), (150, 0.9332), (160, 0.9331), (170, 0.9337), (175, 0.9337)], 'end_timestamp': [(0, 1719069552.5910635), (5, 1719069552.5910635), (15, 1719069552.5910635), (30, 1719069552.5910635), (35, 1719069552.5910635), (40, 1719069552.5910635), (45, 1719069552.5910635), (55, 1719069552.5910635), (60, 1719069552.5910635), (65, 1719069552.5910635), (70, 1719069552.5910635), (75, 1719069552.5910635), (80, 1719069552.5910635), (85, 1719069552.5910635), (90, 1719069552.5910635), (95, 1719069552.5910635), (100, 1719069552.5910635), (105, 1719069552.5910635), (110, 1719069552.5910635), (115, 1719069552.5910635), (120, 1719069552.5910635), (125, 1719069552.5910635), (130, 1719069552.5910635), (135, 1719069552.5910635), (145, 1719069552.5910635), (150, 1719069552.5910635), (160, 1719069552.5910635), (170, 1719069552.5910635), (175, 1719069552.5910635)], 'start_timestamp': [(0, 1719069212.591067), (5, 1719069212.591067), (15, 1719069212.591067), (30, 1719069212.591067), (35, 1719069212.591067), (40, 1719069212.591067), (45, 1719069212.591067), (55, 1719069212.591067), (60, 1719069212.591067), (65, 1719069212.591067), (70, 1719069212.591067), (75, 1719069212.591067), (80, 1719069212.591067), (85, 1719069212.591067), (90, 1719069212.591067), (95, 1719069212.591067), (100, 1719069212.591067), (105, 1719069212.591067), (110, 1719069212.591067), (115, 1719069212.591067), (120, 1719069212.591067), (125, 1719069212.591067), (130, 1719069212.591067), (135, 1719069212.591067), (145, 1719069212.591067), (150, 1719069212.591067), (160, 1719069212.591067), (170, 1719069212.591067), (175, 1719069212.591067)]}
