[2024-06-20 11:41:42,538][flwr][INFO] - Using seed 1718876502 for client dataset permutation
[2024-06-20 11:41:42,539][flwr][INFO] - Using seed 123456 for dataset partition
[2024-06-20 11:41:42,561][flwr][INFO] - Client dataset sizes:
[2024-06-20 11:41:44,284][flwr][INFO] - Client 0 has 8993 training samples with label distribution: {0: 195, 1: 4277, 2: 486, 3: 1, 4: 2921, 5: 18, 6: 1090, 7: 5}
[2024-06-20 11:41:45,521][flwr][INFO] - Client 1 has 6254 training samples with label distribution: {0: 320, 2: 1962, 4: 379, 7: 3593}
[2024-06-20 11:41:45,848][flwr][INFO] - Client 2 has 1787 training samples with label distribution: {1: 98, 4: 1150, 5: 1, 7: 538}
[2024-06-20 11:41:46,295][flwr][INFO] - Client 3 has 3148 training samples with label distribution: {0: 8, 1: 5, 2: 2138, 3: 184, 7: 1, 8: 758, 9: 54}
[2024-06-20 11:41:48,049][flwr][INFO] - Client 4 has 11700 training samples with label distribution: {0: 583, 1: 1661, 2: 760, 3: 1126, 4: 621, 5: 1858, 6: 4211, 7: 880}
[2024-06-20 11:41:49,107][flwr][INFO] - Client 5 has 6653 training samples with label distribution: {0: 2033, 3: 3494, 4: 120, 5: 122, 6: 15, 7: 50, 8: 111, 9: 708}
[2024-06-20 11:41:50,324][flwr][INFO] - Client 6 has 7718 training samples with label distribution: {0: 1100, 1: 26, 2: 2, 3: 563, 4: 72, 5: 1496, 6: 6, 7: 337, 8: 166, 9: 3950}
[2024-06-20 11:41:50,865][flwr][INFO] - Client 7 has 3481 training samples with label distribution: {0: 1101, 1: 1, 2: 1, 3: 154, 4: 9, 5: 1117, 7: 232, 8: 476, 9: 390}
[2024-06-20 11:41:51,526][flwr][INFO] - Client 8 has 4145 training samples with label distribution: {0: 10, 3: 5, 5: 242, 7: 4, 8: 3724, 9: 160}
[2024-06-20 11:41:51,550][flwr][INFO] - Client 9 has 121 training samples with label distribution: {5: 28, 8: 17, 9: 76}
[2024-06-20 11:41:55,944][flwr][INFO] - Testloader has 84 test samples with label distribution: {0: 980, 1: 1135, 2: 1032, 3: 1010, 4: 982, 5: 892, 6: 958, 7: 1028, 8: 974, 9: 1009}
[2024-06-20 11:41:55,945][flwr][WARNING] - 
Setting `min_available_clients` lower than `min_fit_clients` or
`min_evaluate_clients` can cause the server to fail when there are too few clients
connected to the server. `min_available_clients` must be set to a value larger
than or equal to the values of `min_fit_clients` and `min_evaluate_clients`.

[2024-06-20 11:41:55,946][flwr][INFO] - Starting Flower simulation, config: ServerConfig(num_rounds=1, round_timeout=None)
[2024-06-20 11:41:58,948][flwr][INFO] - Flower VCE: Ray initialized with resources: {'object_store_memory': 4460115148.0, 'memory': 8920230299.0, 'node:145.94.238.25': 1.0, 'CPU': 8.0, 'node:__internal_head__': 1.0}
[2024-06-20 11:41:58,948][flwr][INFO] - Initializing global parameters
[2024-06-20 11:41:58,948][flwr][INFO] - Requesting initial parameters from one random client
[2024-06-20 11:42:01,118][flwr][INFO] - Received initial parameters from one random client
[2024-06-20 11:42:01,119][flwr][INFO] - Evaluating initial parameters
[2024-06-20 11:42:02,428][flwr][INFO] - initial parameters (loss, other metrics): 193.9561824798584, {'accuracy': 0.1025}
[2024-06-20 11:42:02,428][flwr][INFO] - FL starting
[2024-06-20 11:42:02,429][flwr][DEBUG] - fit_round 0: strategy sampled 10 clients (out of 10)
[2024-06-20 11:42:18,673][flwr][DEBUG] - pid 3252 | Yippie! Starting the client 8 again 🥳
[2024-06-20 11:42:18,766][flwr][DEBUG] - pid 3252 | Yippie! Starting the client 7 again 🥳
[2024-06-20 11:42:28,407][flwr][DEBUG] - pid 3252 | Yippie! Starting the client 2 again 🥳
[2024-06-20 11:42:28,546][flwr][DEBUG] - pid 3252 | Yippie! Starting the client 9 again 🥳
[2024-06-20 11:42:28,674][flwr][DEBUG] - pid 3252 | Yippie! Starting the client 5 again 🥳
[2024-06-20 11:42:32,956][flwr][DEBUG] - pid 3252 | Yippie! Starting the client 4 again 🥳
[2024-06-20 11:42:33,064][flwr][DEBUG] - pid 3252 | Yippie! Starting the client 0 again 🥳
[2024-06-20 11:42:33,255][flwr][DEBUG] - pid 3252 | Yippie! Starting the client 1 again 🥳
[2024-06-20 11:42:33,414][flwr][DEBUG] - pid 3252 | Yippie! Starting the client 3 again 🥳
[2024-06-20 11:42:33,571][flwr][DEBUG] - pid 3252 | Yippie! Starting the client 8 again 🥳
[2024-06-20 11:42:35,875][flwr][DEBUG] - pid 3252 | Yippie! Starting the client 7 again 🥳
[2024-06-20 11:42:35,965][flwr][DEBUG] - pid 3252 | Yippie! Starting the client 2 again 🥳
[2024-06-20 11:42:36,133][flwr][DEBUG] - pid 3252 | Yippie! Starting the client 9 again 🥳
[2024-06-20 11:42:36,214][flwr][DEBUG] - pid 3252 | Yippie! Starting the client 6 again 🥳
[2024-06-20 11:42:39,275][flwr][DEBUG] - pid 3252 | Yippie! Starting the client 5 again 🥳
[2024-06-20 11:42:45,970][flwr][DEBUG] - pid 3252 | Yippie! Starting the client 0 again 🥳
[2024-06-20 11:42:46,102][flwr][DEBUG] - pid 3252 | Yippie! Starting the client 4 again 🥳
[2024-06-20 11:42:47,994][flwr][DEBUG] - pid 3252 | Yippie! Starting the client 3 again 🥳
[2024-06-20 11:42:48,017][flwr][DEBUG] - pid 3252 | Yippie! Starting the client 1 again 🥳
[2024-06-20 11:42:49,225][flwr][DEBUG] - pid 3252 | Yippie! Starting the client 8 again 🥳
[2024-06-20 11:42:52,037][flwr][DEBUG] - pid 3252 | Yippie! Starting the client 2 again 🥳
[2024-06-20 11:42:52,124][flwr][DEBUG] - pid 3252 | Yippie! Starting the client 9 again 🥳
[2024-06-20 11:42:52,204][flwr][DEBUG] - pid 3252 | Yippie! Starting the client 7 again 🥳
[2024-06-20 11:42:55,875][flwr][DEBUG] - pid 3252 | Yippie! Starting the client 5 again 🥳
[2024-06-20 11:42:56,014][flwr][DEBUG] - pid 3252 | Yippie! Starting the client 6 again 🥳
[2024-06-20 11:43:02,902][flwr][DEBUG] - pid 3252 | Yippie! Starting the client 0 again 🥳
[2024-06-20 11:43:05,739][flwr][DEBUG] - pid 3252 | Yippie! Starting the client 3 again 🥳
[2024-06-20 11:43:05,805][flwr][DEBUG] - pid 3252 | Yippie! Starting the client 4 again 🥳
[2024-06-20 11:43:05,975][flwr][DEBUG] - pid 3252 | Yippie! Starting the client 1 again 🥳
[2024-06-20 11:43:07,420][flwr][DEBUG] - pid 3252 | Yippie! Starting the client 8 again 🥳
[2024-06-20 11:43:07,489][flwr][DEBUG] - pid 3252 | Yippie! Starting the client 9 again 🥳
[2024-06-20 11:43:07,583][flwr][DEBUG] - pid 3252 | Yippie! Starting the client 2 again 🥳
[2024-06-20 11:43:09,738][flwr][DEBUG] - pid 3252 | Yippie! Starting the client 7 again 🥳
[2024-06-20 11:43:11,053][flwr][DEBUG] - pid 3252 | Yippie! Starting the client 5 again 🥳
[2024-06-20 11:43:12,477][flwr][DEBUG] - pid 3252 | Yippie! Starting the client 6 again 🥳
[2024-06-20 11:43:13,783][flwr][DEBUG] - pid 3252 | Yippie! Starting the client 3 again 🥳
[2024-06-20 11:43:14,434][flwr][DEBUG] - pid 3252 | Yippie! Starting the client 0 again 🥳
[2024-06-20 11:43:17,658][flwr][DEBUG] - pid 3252 | Yippie! Starting the client 1 again 🥳
[2024-06-20 11:43:19,377][flwr][DEBUG] - pid 3252 | Yippie! Starting the client 4 again 🥳
[2024-06-20 11:43:20,320][flwr][DEBUG] - pid 3252 | Yippie! Starting the client 8 again 🥳
[2024-06-20 11:43:20,407][flwr][DEBUG] - pid 3252 | Yippie! Starting the client 9 again 🥳
[2024-06-20 11:43:22,060][flwr][DEBUG] - pid 3252 | Yippie! Starting the client 2 again 🥳
[2024-06-20 11:43:26,394][flwr][DEBUG] - pid 3252 | Yippie! Starting the client 7 again 🥳
[2024-06-20 11:43:28,573][flwr][DEBUG] - pid 3252 | Yippie! Starting the client 5 again 🥳
[2024-06-20 11:43:29,693][flwr][DEBUG] - pid 3252 | Yippie! Starting the client 6 again 🥳
[2024-06-20 11:43:31,239][flwr][DEBUG] - pid 3252 | Yippie! Starting the client 3 again 🥳
[2024-06-20 11:43:34,604][flwr][DEBUG] - pid 3252 | Yippie! Starting the client 1 again 🥳
[2024-06-20 11:43:35,653][flwr][DEBUG] - pid 3252 | Yippie! Starting the client 0 again 🥳
[2024-06-20 11:43:37,994][flwr][DEBUG] - pid 3252 | Yippie! Starting the client 9 again 🥳
[2024-06-20 11:43:38,117][flwr][DEBUG] - pid 3252 | Yippie! Starting the client 8 again 🥳
[2024-06-20 11:43:40,501][flwr][DEBUG] - pid 3252 | Yippie! Starting the client 2 again 🥳
[2024-06-20 11:43:41,011][flwr][DEBUG] - pid 3252 | Yippie! Starting the client 4 again 🥳
[2024-06-20 11:43:41,930][flwr][DEBUG] - pid 3252 | Yippie! Starting the client 7 again 🥳
[2024-06-20 11:43:44,062][flwr][DEBUG] - pid 3252 | Yippie! Starting the client 5 again 🥳
[2024-06-20 11:43:46,002][flwr][DEBUG] - pid 3252 | Yippie! Starting the client 6 again 🥳
[2024-06-20 11:43:46,111][flwr][DEBUG] - pid 3252 | Yippie! Starting the client 3 again 🥳
[2024-06-20 11:43:53,580][flwr][DEBUG] - pid 3252 | Yippie! Starting the client 1 again 🥳
[2024-06-20 11:43:54,103][flwr][DEBUG] - pid 3252 | Yippie! Starting the client 9 again 🥳
[2024-06-20 11:43:55,604][flwr][DEBUG] - pid 3252 | Yippie! Starting the client 0 again 🥳
[2024-06-20 11:43:57,477][flwr][DEBUG] - pid 3252 | Yippie! Starting the client 2 again 🥳
[2024-06-20 11:44:00,912][flwr][DEBUG] - pid 3252 | Yippie! Starting the client 8 again 🥳
[2024-06-20 11:44:05,183][flwr][DEBUG] - pid 3252 | Yippie! Starting the client 7 again 🥳
[2024-06-20 11:44:09,446][flwr][DEBUG] - pid 3252 | Yippie! Starting the client 4 again 🥳
[2024-06-20 11:44:09,594][flwr][DEBUG] - pid 3252 | Yippie! Starting the client 5 again 🥳
[2024-06-20 11:44:11,390][flwr][DEBUG] - pid 3252 | Yippie! Starting the client 3 again 🥳
[2024-06-20 11:44:15,727][flwr][DEBUG] - pid 3252 | Yippie! Starting the client 6 again 🥳
[2024-06-20 11:44:16,145][flwr][DEBUG] - pid 3252 | Yippie! Starting the client 9 again 🥳
[2024-06-20 11:44:16,545][flwr][DEBUG] - pid 3252 | Yippie! Starting the client 1 again 🥳
[2024-06-20 11:44:17,667][flwr][DEBUG] - pid 3252 | Yippie! Starting the client 2 again 🥳
[2024-06-20 11:44:20,061][flwr][DEBUG] - pid 3252 | Yippie! Starting the client 0 again 🥳
[2024-06-20 11:44:20,141][flwr][DEBUG] - pid 3252 | Yippie! Starting the client 8 again 🥳
[2024-06-20 11:44:22,378][flwr][DEBUG] - pid 3252 | Yippie! Starting the client 7 again 🥳
[2024-06-20 11:44:25,439][flwr][DEBUG] - pid 3252 | Yippie! Starting the client 5 again 🥳
[2024-06-20 11:44:27,027][flwr][DEBUG] - pid 3252 | Yippie! Starting the client 4 again 🥳
[2024-06-20 11:44:27,219][flwr][DEBUG] - pid 3252 | Yippie! Starting the client 3 again 🥳
[2024-06-20 11:44:27,731][flwr][DEBUG] - pid 3252 | Yippie! Starting the client 9 again 🥳
[2024-06-20 11:44:32,142][flwr][DEBUG] - pid 3252 | Yippie! Starting the client 6 again 🥳
[2024-06-20 11:44:32,322][flwr][DEBUG] - pid 3252 | Yippie! Starting the client 1 again 🥳
[2024-06-20 11:44:33,105][flwr][DEBUG] - pid 3252 | Yippie! Starting the client 2 again 🥳
[2024-06-20 11:44:35,421][flwr][DEBUG] - pid 3252 | Yippie! Starting the client 8 again 🥳
[2024-06-20 11:44:37,406][flwr][DEBUG] - pid 3252 | Yippie! Starting the client 0 again 🥳
[2024-06-20 11:44:38,196][flwr][DEBUG] - pid 3252 | Yippie! Starting the client 7 again 🥳
[2024-06-20 11:44:40,377][flwr][DEBUG] - pid 3252 | Yippie! Starting the client 5 again 🥳
[2024-06-20 11:44:42,390][flwr][DEBUG] - pid 3252 | Yippie! Starting the client 3 again 🥳
[2024-06-20 11:44:42,742][flwr][DEBUG] - pid 3252 | Yippie! Starting the client 9 again 🥳
[2024-06-20 11:44:45,576][flwr][DEBUG] - pid 3252 | Yippie! Starting the client 4 again 🥳
[2024-06-20 11:44:48,672][flwr][DEBUG] - pid 3252 | Yippie! Starting the client 6 again 🥳
[2024-06-20 11:44:49,627][flwr][DEBUG] - pid 3252 | Yippie! Starting the client 1 again 🥳
[2024-06-20 11:44:49,782][flwr][DEBUG] - pid 3252 | Yippie! Starting the client 2 again 🥳
[2024-06-20 11:44:52,484][flwr][DEBUG] - pid 3252 | Yippie! Starting the client 8 again 🥳
[2024-06-20 11:44:55,212][flwr][DEBUG] - pid 3252 | Yippie! Starting the client 7 again 🥳
[2024-06-20 11:44:55,363][flwr][DEBUG] - pid 3252 | Yippie! Starting the client 0 again 🥳
[2024-06-20 11:44:56,838][flwr][DEBUG] - pid 3252 | Yippie! Starting the client 3 again 🥳
[2024-06-20 11:44:57,106][flwr][DEBUG] - pid 3252 | Yippie! Starting the client 9 again 🥳
[2024-06-20 11:44:57,663][flwr][DEBUG] - pid 3252 | Yippie! Starting the client 5 again 🥳
[2024-06-20 11:45:03,417][flwr][DEBUG] - pid 3252 | Yippie! Starting the client 6 again 🥳
[2024-06-20 11:45:04,512][flwr][DEBUG] - pid 3252 | Yippie! Starting the client 4 again 🥳
[2024-06-20 11:45:05,596][flwr][DEBUG] - pid 3252 | Yippie! Starting the client 2 again 🥳
[2024-06-20 11:45:07,601][flwr][DEBUG] - pid 3252 | Yippie! Starting the client 8 again 🥳
[2024-06-20 11:45:07,737][flwr][DEBUG] - pid 3252 | Yippie! Starting the client 1 again 🥳
[2024-06-20 11:45:08,038][flwr][DEBUG] - pid 3252 | Yippie! Starting the client 7 again 🥳
[2024-06-20 11:45:11,070][flwr][DEBUG] - pid 3252 | Yippie! Starting the client 3 again 🥳
[2024-06-20 11:45:11,416][flwr][DEBUG] - pid 3252 | Yippie! Starting the client 9 again 🥳
[2024-06-20 11:45:12,865][flwr][DEBUG] - pid 3252 | Yippie! Starting the client 0 again 🥳
[2024-06-20 11:45:14,502][flwr][DEBUG] - pid 3252 | Yippie! Starting the client 5 again 🥳
[2024-06-20 11:45:17,926][flwr][DEBUG] - pid 3252 | Yippie! Starting the client 6 again 🥳
[2024-06-20 11:45:19,212][flwr][DEBUG] - pid 3252 | Yippie! Starting the client 2 again 🥳
[2024-06-20 11:45:21,497][flwr][DEBUG] - pid 3252 | Yippie! Starting the client 8 again 🥳
[2024-06-20 11:45:21,652][flwr][DEBUG] - pid 3252 | Yippie! Starting the client 4 again 🥳
[2024-06-20 11:45:23,983][flwr][DEBUG] - pid 3252 | Yippie! Starting the client 1 again 🥳
[2024-06-20 11:45:24,084][flwr][DEBUG] - pid 3252 | Yippie! Starting the client 7 again 🥳
[2024-06-20 11:45:24,862][flwr][DEBUG] - pid 3252 | Yippie! Starting the client 9 again 🥳
[2024-06-20 11:45:26,365][flwr][DEBUG] - pid 3252 | Yippie! Starting the client 3 again 🥳
[2024-06-20 11:45:29,661][flwr][DEBUG] - pid 3252 | Yippie! Starting the client 5 again 🥳
[2024-06-20 11:45:29,769][flwr][DEBUG] - pid 3252 | Yippie! Starting the client 0 again 🥳
[2024-06-20 11:45:32,138][flwr][DEBUG] - pid 3252 | Yippie! Starting the client 2 again 🥳
[2024-06-20 11:45:34,027][flwr][DEBUG] - pid 3252 | Yippie! Starting the client 6 again 🥳
[2024-06-20 11:45:34,162][flwr][DEBUG] - pid 3252 | Yippie! Starting the client 8 again 🥳
[2024-06-20 11:45:36,837][flwr][DEBUG] - pid 3252 | Yippie! Starting the client 1 again 🥳
[2024-06-20 11:45:39,350][flwr][DEBUG] - pid 3252 | Yippie! Starting the client 4 again 🥳
[2024-06-20 11:45:39,400][flwr][DEBUG] - pid 3252 | Yippie! Starting the client 9 again 🥳
[2024-06-20 11:45:39,476][flwr][DEBUG] - pid 3252 | Yippie! Starting the client 7 again 🥳
[2024-06-20 11:45:42,372][flwr][DEBUG] - pid 3252 | Yippie! Starting the client 3 again 🥳
[2024-06-20 11:45:46,183][flwr][DEBUG] - pid 3252 | Yippie! Starting the client 5 again 🥳
[2024-06-20 11:45:47,244][flwr][DEBUG] - pid 3252 | Yippie! Starting the client 2 again 🥳
[2024-06-20 11:45:49,955][flwr][DEBUG] - pid 3252 | Yippie! Starting the client 0 again 🥳
[2024-06-20 11:45:53,717][flwr][DEBUG] - pid 3252 | Yippie! Starting the client 6 again 🥳
[2024-06-20 11:45:53,790][flwr][DEBUG] - pid 3252 | Yippie! Starting the client 8 again 🥳
[2024-06-20 11:45:55,847][flwr][DEBUG] - pid 3252 | Yippie! Starting the client 1 again 🥳
[2024-06-20 11:45:56,208][flwr][DEBUG] - pid 3252 | Yippie! Starting the client 9 again 🥳
[2024-06-20 11:45:59,996][flwr][DEBUG] - pid 3252 | Yippie! Starting the client 7 again 🥳
[2024-06-20 11:46:01,809][flwr][DEBUG] - pid 3252 | Yippie! Starting the client 3 again 🥳
[2024-06-20 11:46:01,924][flwr][DEBUG] - pid 3252 | Yippie! Starting the client 4 again 🥳
[2024-06-20 11:46:03,117][flwr][DEBUG] - pid 3252 | Yippie! Starting the client 2 again 🥳
[2024-06-20 11:46:04,127][flwr][DEBUG] - pid 3252 | Yippie! Starting the client 5 again 🥳
[2024-06-20 11:46:09,349][flwr][DEBUG] - pid 3252 | Yippie! Starting the client 0 again 🥳
[2024-06-20 11:46:09,633][flwr][DEBUG] - pid 3252 | Yippie! Starting the client 6 again 🥳
[2024-06-20 11:46:11,216][flwr][DEBUG] - pid 3252 | Yippie! Starting the client 8 again 🥳
[2024-06-20 11:46:11,529][flwr][DEBUG] - pid 3252 | Yippie! Starting the client 9 again 🥳
[2024-06-20 11:46:13,212][flwr][DEBUG] - pid 3252 | Yippie! Starting the client 1 again 🥳
[2024-06-20 11:46:13,312][flwr][DEBUG] - pid 3252 | Yippie! Starting the client 7 again 🥳
[2024-06-20 11:46:16,020][flwr][DEBUG] - pid 3252 | Yippie! Starting the client 3 again 🥳
[2024-06-20 11:46:17,078][flwr][DEBUG] - pid 3252 | Yippie! Starting the client 2 again 🥳
[2024-06-20 11:46:20,016][flwr][DEBUG] - pid 3252 | Yippie! Starting the client 4 again 🥳
[2024-06-20 11:46:20,630][flwr][DEBUG] - pid 3252 | Yippie! Starting the client 5 again 🥳
[2024-06-20 11:46:25,750][flwr][DEBUG] - pid 3252 | Yippie! Starting the client 6 again 🥳
[2024-06-20 11:46:25,878][flwr][DEBUG] - pid 3252 | Yippie! Starting the client 0 again 🥳
[2024-06-20 11:46:26,032][flwr][DEBUG] - pid 3252 | Yippie! Starting the client 9 again 🥳
[2024-06-20 11:46:27,869][flwr][DEBUG] - pid 3252 | Yippie! Starting the client 8 again 🥳
[2024-06-20 11:46:28,342][flwr][DEBUG] - pid 3252 | Yippie! Starting the client 1 again 🥳
[2024-06-20 11:46:30,906][flwr][DEBUG] - pid 3252 | Yippie! Starting the client 7 again 🥳
[2024-06-20 11:46:31,868][flwr][DEBUG] - pid 3252 | Yippie! Starting the client 2 again 🥳
[2024-06-20 11:46:32,029][flwr][DEBUG] - pid 3252 | Yippie! Starting the client 3 again 🥳
[2024-06-20 11:46:35,259][flwr][DEBUG] - pid 3252 | Yippie! Starting the client 5 again 🥳
[2024-06-20 11:46:37,040][flwr][DEBUG] - pid 3252 | Yippie! Starting the client 4 again 🥳
[2024-06-20 11:46:39,927][flwr][DEBUG] - pid 3252 | Yippie! Starting the client 6 again 🥳
[2024-06-20 11:46:40,349][flwr][DEBUG] - pid 3252 | Yippie! Starting the client 9 again 🥳
[2024-06-20 11:46:42,307][flwr][DEBUG] - pid 3252 | Yippie! Starting the client 8 again 🥳
[2024-06-20 11:46:42,475][flwr][DEBUG] - pid 3252 | Yippie! Starting the client 0 again 🥳
[2024-06-20 11:46:44,230][flwr][DEBUG] - pid 3252 | Yippie! Starting the client 7 again 🥳
[2024-06-20 11:46:46,386][flwr][DEBUG] - pid 3252 | Yippie! Starting the client 2 again 🥳
[2024-06-20 11:46:46,842][flwr][DEBUG] - pid 3252 | Yippie! Starting the client 1 again 🥳
[2024-06-20 11:46:47,731][flwr][DEBUG] - pid 3252 | Yippie! Starting the client 3 again 🥳
[2024-06-20 11:46:49,999][flwr][DEBUG] - pid 3252 | Yippie! Starting the client 5 again 🥳
[2024-06-20 11:46:54,009][flwr][DEBUG] - pid 3252 | Yippie! Starting the client 6 again 🥳
[2024-06-20 11:46:54,075][flwr][DEBUG] - pid 3252 | Yippie! Starting the client 9 again 🥳
[2024-06-20 11:46:54,184][flwr][DEBUG] - pid 3252 | Yippie! Starting the client 4 again 🥳
[2024-06-20 11:46:56,064][flwr][DEBUG] - pid 3252 | Yippie! Starting the client 8 again 🥳
[2024-06-20 11:46:57,562][flwr][DEBUG] - pid 3252 | Yippie! Starting the client 7 again 🥳
[2024-06-20 11:46:58,744][flwr][DEBUG] - pid 3252 | Yippie! Starting the client 0 again 🥳
[2024-06-20 11:46:58,845][flwr][DEBUG] - pid 3252 | Yippie! Starting the client 2 again 🥳
[2024-06-20 11:47:00,109][flwr][DEBUG] - pid 3252 | Yippie! Starting the client 3 again 🥳
[2024-06-20 11:47:00,643][flwr][DEBUG] - pid 3252 | Yippie! Starting the client 1 again 🥳
[2024-06-20 11:47:03,299][flwr][DEBUG] - pid 3252 | Yippie! Starting the client 5 again 🥳
[2024-06-20 11:47:03,578][flwr][DEBUG] - pid 3252 | Yippie! Starting the client 9 again 🥳
[2024-06-20 11:47:06,428][flwr][DEBUG] - pid 3252 | Yippie! Starting the client 6 again 🥳
[2024-06-20 11:47:09,435][flwr][DEBUG] - pid 3252 | Yippie! Starting the client 8 again 🥳
[2024-06-20 11:47:11,871][flwr][DEBUG] - pid 3252 | Yippie! Starting the client 7 again 🥳
[2024-06-20 11:47:20,218][flwr][INFO] - FL finished
[2024-06-20 11:47:20,219][flwr][INFO] - FL finished in 317.79010128974915
[2024-06-20 11:47:20,219][flwr][INFO] - app_fit: losses_distributed []
[2024-06-20 11:47:20,219][flwr][INFO] - app_fit: metrics_distributed_fit {}
[2024-06-20 11:47:20,219][flwr][INFO] - app_fit: metrics_distributed {}
[2024-06-20 11:47:20,220][flwr][INFO] - app_fit: losses_centralized [(1718876522.4288526, 193.9561824798584), (0, 193.9399220943451), (5, 184.085711479187), (10, 180.45328855514526), (15, 170.08413994312286), (20, 151.69135737419128), (25, 137.62083065509796), (30, 118.94275259971619), (40, 96.8976508975029), (45, 94.14862841367722), (50, 89.55859565734863), (55, 83.34572422504425), (60, 81.28628689050674), (65, 75.94584488868713), (70, 73.62405723333359), (75, 69.31995928287506), (80, 70.54558092355728), (85, 67.94078761339188), (90, 65.672492146492), (95, 63.37183177471161), (100, 61.44051122665405), (105, 59.41112241148949), (110, 57.708411157131195), (115, 56.4268020093441), (120, 54.93885484337807), (125, 55.771618127822876), (130, 54.841918766498566), (135, 53.52570581436157), (140, 53.05924427509308), (145, 51.90731933712959), (150, 51.42720538377762), (155, 50.83888238668442), (160, 50.61057668924332), (165, 50.98407655954361), (175, 50.30777916312218)]
[2024-06-20 11:47:20,220][flwr][INFO] - app_fit: metrics_centralized {'accuracy': [(1718876522.428867, 0.1025), (0, 0.1025), (5, 0.3212), (10, 0.3245), (15, 0.4452), (20, 0.4652), (25, 0.5224), (30, 0.5805), (40, 0.6219), (45, 0.6317), (50, 0.6413), (55, 0.6612), (60, 0.6738), (65, 0.6922), (70, 0.7096), (75, 0.7259), (80, 0.7201), (85, 0.7379), (90, 0.7453), (95, 0.7574), (100, 0.7676), (105, 0.7792), (110, 0.7868), (115, 0.7969), (120, 0.8056), (125, 0.8017), (130, 0.8091), (135, 0.8154), (140, 0.82), (145, 0.8262), (150, 0.8295), (155, 0.8334), (160, 0.8343), (165, 0.8341), (175, 0.8364)], 'end_timestamp': [(0, 1718876862.4290118), (5, 1718876862.4290118), (10, 1718876862.4290118), (15, 1718876862.4290118), (20, 1718876862.4290118), (25, 1718876862.4290118), (30, 1718876862.4290118), (40, 1718876862.4290118), (45, 1718876862.4290118), (50, 1718876862.4290118), (55, 1718876862.4290118), (60, 1718876862.4290118), (65, 1718876862.4290118), (70, 1718876862.4290118), (75, 1718876862.4290118), (80, 1718876862.4290118), (85, 1718876862.4290118), (90, 1718876862.4290118), (95, 1718876862.4290118), (100, 1718876862.4290118), (105, 1718876862.4290118), (110, 1718876862.4290118), (115, 1718876862.4290118), (120, 1718876862.4290118), (125, 1718876862.4290118), (130, 1718876862.4290118), (135, 1718876862.4290118), (140, 1718876862.4290118), (145, 1718876862.4290118), (150, 1718876862.4290118), (155, 1718876862.4290118), (160, 1718876862.4290118), (165, 1718876862.4290118), (175, 1718876862.4290118)], 'start_timestamp': [(0, 1718876522.4290166), (5, 1718876522.4290166), (10, 1718876522.4290166), (15, 1718876522.4290166), (20, 1718876522.4290166), (25, 1718876522.4290166), (30, 1718876522.4290166), (40, 1718876522.4290166), (45, 1718876522.4290166), (50, 1718876522.4290166), (55, 1718876522.4290166), (60, 1718876522.4290166), (65, 1718876522.4290166), (70, 1718876522.4290166), (75, 1718876522.4290166), (80, 1718876522.4290166), (85, 1718876522.4290166), (90, 1718876522.4290166), (95, 1718876522.4290166), (100, 1718876522.4290166), (105, 1718876522.4290166), (110, 1718876522.4290166), (115, 1718876522.4290166), (120, 1718876522.4290166), (125, 1718876522.4290166), (130, 1718876522.4290166), (135, 1718876522.4290166), (140, 1718876522.4290166), (145, 1718876522.4290166), (150, 1718876522.4290166), (155, 1718876522.4290166), (160, 1718876522.4290166), (165, 1718876522.4290166), (175, 1718876522.4290166)]}
